{"/home/travis/build/npmtest/node-npmtest-iz/test.js":{"path":"/home/travis/build/npmtest/node-npmtest-iz/test.js","s":{"1":2,"2":2,"3":2,"4":2,"5":2,"6":2,"7":2,"8":1,"9":2,"10":2,"11":1,"12":1,"13":1,"14":1,"15":2,"16":2,"17":2,"18":2,"19":1,"20":1,"21":2,"22":2,"23":2,"24":1,"25":1,"26":1,"27":1,"28":1,"29":1,"30":1,"31":1,"32":1,"33":1,"34":1,"35":1,"36":1,"37":1,"38":1,"39":2,"40":2,"41":1,"42":2,"43":2,"44":1,"45":2,"46":2,"47":1,"48":2,"49":2,"50":1,"51":1,"52":1,"53":1,"54":1},"b":{"1":[2,1,1,1],"2":[1,1,1,1],"3":[1,1],"4":[1,1],"5":[1,1],"6":[1,1],"7":[1,1],"8":[1,1],"9":[1,1],"10":[1,1,1],"11":[1,1],"12":[1,1],"13":[1,1],"14":[1,1],"15":[1,1],"16":[1,1],"17":[1,1]},"f":{"1":2,"2":2,"3":2,"4":2,"5":2,"6":1,"7":1,"8":1,"9":2,"10":2,"11":2,"12":2,"13":1},"fnMap":{"1":{"name":"(anonymous_1)","line":12,"loc":{"start":{"line":12,"column":1},"end":{"line":12,"column":13}}},"2":{"name":"(anonymous_2)","line":19,"loc":{"start":{"line":19,"column":5},"end":{"line":19,"column":17}}},"3":{"name":"(anonymous_3)","line":23,"loc":{"start":{"line":23,"column":24},"end":{"line":23,"column":36}}},"4":{"name":"(anonymous_4)","line":61,"loc":{"start":{"line":61,"column":5},"end":{"line":61,"column":17}}},"5":{"name":"(anonymous_5)","line":82,"loc":{"start":{"line":82,"column":5},"end":{"line":82,"column":17}}},"6":{"name":"(anonymous_6)","line":91,"loc":{"start":{"line":91,"column":77},"end":{"line":94,"column":10}}},"7":{"name":"(anonymous_7)","line":112,"loc":{"start":{"line":112,"column":83},"end":{"line":115,"column":10}},"skip":true},"8":{"name":"(anonymous_8)","line":123,"loc":{"start":{"line":123,"column":77},"end":{"line":126,"column":10}},"skip":true},"9":{"name":"(anonymous_9)","line":139,"loc":{"start":{"line":139,"column":12},"end":{"line":139,"column":40}},"skip":true},"10":{"name":"(anonymous_10)","line":147,"loc":{"start":{"line":147,"column":77},"end":{"line":150,"column":10}},"skip":true},"11":{"name":"(anonymous_11)","line":158,"loc":{"start":{"line":158,"column":83},"end":{"line":161,"column":10}},"skip":true},"12":{"name":"(anonymous_12)","line":169,"loc":{"start":{"line":169,"column":79},"end":{"line":172,"column":10}},"skip":true},"13":{"name":"(anonymous_13)","line":180,"loc":{"start":{"line":180,"column":75},"end":{"line":183,"column":10}},"skip":true}},"statementMap":{"1":{"start":{"line":12,"column":0},"end":{"line":195,"column":5}},"2":{"start":{"line":14,"column":4},"end":{"line":14,"column":14}},"3":{"start":{"line":19,"column":4},"end":{"line":56,"column":9}},"4":{"start":{"line":21,"column":8},"end":{"line":21,"column":19}},"5":{"start":{"line":23,"column":8},"end":{"line":35,"column":13}},"6":{"start":{"line":24,"column":12},"end":{"line":34,"column":13}},"7":{"start":{"line":25,"column":16},"end":{"line":28,"column":30}},"8":{"start":{"line":30,"column":16},"end":{"line":33,"column":27}},"9":{"start":{"line":37,"column":8},"end":{"line":39,"column":21}},"10":{"start":{"line":40,"column":8},"end":{"line":53,"column":9}},"11":{"start":{"line":43,"column":12},"end":{"line":46,"column":14}},"12":{"start":{"line":47,"column":12},"end":{"line":47,"column":18}},"13":{"start":{"line":50,"column":12},"end":{"line":51,"column":46}},"14":{"start":{"line":52,"column":12},"end":{"line":52,"column":18}},"15":{"start":{"line":55,"column":8},"end":{"line":55,"column":35}},"16":{"start":{"line":61,"column":4},"end":{"line":63,"column":9}},"17":{"start":{"line":62,"column":8},"end":{"line":62,"column":15}},"18":{"start":{"line":64,"column":4},"end":{"line":77,"column":5}},"19":{"start":{"line":70,"column":8},"end":{"line":70,"column":14}},"20":{"start":{"line":76,"column":8},"end":{"line":76,"column":14}},"21":{"start":{"line":82,"column":4},"end":{"line":84,"column":9}},"22":{"start":{"line":83,"column":8},"end":{"line":83,"column":15}},"23":{"start":{"line":85,"column":4},"end":{"line":194,"column":5}},"24":{"start":{"line":91,"column":8},"end":{"line":99,"column":10}},"25":{"start":{"line":98,"column":12},"end":{"line":98,"column":35}},"26":{"start":{"line":102,"column":8},"end":{"line":104,"column":63}},"27":{"start":{"line":105,"column":8},"end":{"line":105,"column":14}},"28":{"start":{"line":112,"column":8},"end":{"line":121,"column":10},"skip":true},"29":{"start":{"line":119,"column":12},"end":{"line":119,"column":55},"skip":true},"30":{"start":{"line":120,"column":12},"end":{"line":120,"column":48},"skip":true},"31":{"start":{"line":123,"column":8},"end":{"line":136,"column":10},"skip":true},"32":{"start":{"line":130,"column":12},"end":{"line":130,"column":76},"skip":true},"33":{"start":{"line":131,"column":12},"end":{"line":131,"column":73},"skip":true},"34":{"start":{"line":132,"column":12},"end":{"line":132,"column":74},"skip":true},"35":{"start":{"line":133,"column":12},"end":{"line":133,"column":79},"skip":true},"36":{"start":{"line":134,"column":12},"end":{"line":134,"column":25},"skip":true},"37":{"start":{"line":135,"column":12},"end":{"line":135,"column":45},"skip":true},"38":{"start":{"line":138,"column":8},"end":{"line":145,"column":14},"skip":true},"39":{"start":{"line":143,"column":16},"end":{"line":143,"column":29},"skip":true},"40":{"start":{"line":144,"column":16},"end":{"line":144,"column":55},"skip":true},"41":{"start":{"line":147,"column":8},"end":{"line":156,"column":10},"skip":true},"42":{"start":{"line":154,"column":12},"end":{"line":154,"column":25},"skip":true},"43":{"start":{"line":155,"column":12},"end":{"line":155,"column":45},"skip":true},"44":{"start":{"line":158,"column":8},"end":{"line":167,"column":10},"skip":true},"45":{"start":{"line":165,"column":12},"end":{"line":165,"column":25},"skip":true},"46":{"start":{"line":166,"column":12},"end":{"line":166,"column":48},"skip":true},"47":{"start":{"line":169,"column":8},"end":{"line":178,"column":10},"skip":true},"48":{"start":{"line":176,"column":12},"end":{"line":176,"column":25},"skip":true},"49":{"start":{"line":177,"column":12},"end":{"line":177,"column":46},"skip":true},"50":{"start":{"line":180,"column":8},"end":{"line":189,"column":10},"skip":true},"51":{"start":{"line":187,"column":12},"end":{"line":187,"column":94},"skip":true},"52":{"start":{"line":188,"column":12},"end":{"line":188,"column":48},"skip":true},"53":{"start":{"line":192,"column":8},"end":{"line":192,"column":35},"skip":true},"54":{"start":{"line":193,"column":8},"end":{"line":193,"column":14},"skip":true}},"branchMap":{"1":{"line":25,"type":"binary-expr","locations":[{"start":{"line":25,"column":23},"end":{"line":25,"column":62}},{"start":{"line":26,"column":20},"end":{"line":26,"column":70}},{"start":{"line":27,"column":20},"end":{"line":27,"column":71}},{"start":{"line":28,"column":20},"end":{"line":28,"column":29}}]},"2":{"line":30,"type":"binary-expr","locations":[{"start":{"line":30,"column":23},"end":{"line":30,"column":37}},{"start":{"line":31,"column":20},"end":{"line":31,"column":61}},{"start":{"line":32,"column":20},"end":{"line":32,"column":70}},{"start":{"line":33,"column":20},"end":{"line":33,"column":26}}]},"3":{"line":37,"type":"cond-expr","locations":[{"start":{"line":38,"column":14},"end":{"line":38,"column":20}},{"start":{"line":39,"column":14},"end":{"line":39,"column":20}}]},"4":{"line":40,"type":"switch","locations":[{"start":{"line":42,"column":8},"end":{"line":47,"column":18}},{"start":{"line":49,"column":8},"end":{"line":52,"column":18}}]},"5":{"line":44,"type":"binary-expr","locations":[{"start":{"line":44,"column":16},"end":{"line":44,"column":44}},{"start":{"line":44,"column":48},"end":{"line":44,"column":66}}]},"6":{"line":50,"type":"binary-expr","locations":[{"start":{"line":50,"column":21},"end":{"line":50,"column":49}},{"start":{"line":50,"column":53},"end":{"line":50,"column":72}}]},"7":{"line":64,"type":"switch","locations":[{"start":{"line":69,"column":4},"end":{"line":70,"column":14}},{"start":{"line":75,"column":4},"end":{"line":76,"column":14}}]},"8":{"line":85,"type":"switch","locations":[{"start":{"line":90,"column":4},"end":{"line":105,"column":14}},{"start":{"line":111,"column":4},"end":{"line":193,"column":14},"skip":true}]},"9":{"line":91,"type":"binary-expr","locations":[{"start":{"line":91,"column":42},"end":{"line":91,"column":73}},{"start":{"line":91,"column":77},"end":{"line":99,"column":9}}]},"10":{"line":102,"type":"binary-expr","locations":[{"start":{"line":102,"column":18},"end":{"line":102,"column":32}},{"start":{"line":103,"column":12},"end":{"line":103,"column":53}},{"start":{"line":104,"column":12},"end":{"line":104,"column":61}}]},"11":{"line":112,"type":"binary-expr","locations":[{"start":{"line":112,"column":45},"end":{"line":112,"column":79},"skip":true},{"start":{"line":112,"column":83},"end":{"line":121,"column":9},"skip":true}]},"12":{"line":123,"type":"binary-expr","locations":[{"start":{"line":123,"column":42},"end":{"line":123,"column":73},"skip":true},{"start":{"line":123,"column":77},"end":{"line":136,"column":9},"skip":true}]},"13":{"line":138,"type":"binary-expr","locations":[{"start":{"line":138,"column":48},"end":{"line":138,"column":85},"skip":true},{"start":{"line":139,"column":12},"end":{"line":145,"column":13},"skip":true}]},"14":{"line":147,"type":"binary-expr","locations":[{"start":{"line":147,"column":42},"end":{"line":147,"column":73},"skip":true},{"start":{"line":147,"column":77},"end":{"line":156,"column":9},"skip":true}]},"15":{"line":158,"type":"binary-expr","locations":[{"start":{"line":158,"column":45},"end":{"line":158,"column":79},"skip":true},{"start":{"line":158,"column":83},"end":{"line":167,"column":9},"skip":true}]},"16":{"line":169,"type":"binary-expr","locations":[{"start":{"line":169,"column":43},"end":{"line":169,"column":75},"skip":true},{"start":{"line":169,"column":79},"end":{"line":178,"column":9},"skip":true}]},"17":{"line":180,"type":"binary-expr","locations":[{"start":{"line":180,"column":41},"end":{"line":180,"column":71},"skip":true},{"start":{"line":180,"column":75},"end":{"line":189,"column":9},"skip":true}]}},"code":["/* istanbul instrument in package npmtest_iz */","/*jslint","    bitwise: true,","    browser: true,","    maxerr: 8,","    maxlen: 96,","    node: true,","    nomen: true,","    regexp: true,","    stupid: true","*/","(function () {","    'use strict';","    var local;","","","","    // run shared js-env code - pre-init","    (function () {","        // init local","        local = {};","        // init modeJs","        local.modeJs = (function () {","            try {","                return typeof navigator.userAgent === 'string' &&","                    typeof document.querySelector('body') === 'object' &&","                    typeof XMLHttpRequest.prototype.open === 'function' &&","                    'browser';","            } catch (errorCaughtBrowser) {","                return module.exports &&","                    typeof process.versions.node === 'string' &&","                    typeof require('http').createServer === 'function' &&","                    'node';","            }","        }());","        // init global","        local.global = local.modeJs === 'browser'","            ? window","            : global;","        switch (local.modeJs) {","        // re-init local from window.local","        case 'browser':","            local = local.global.utility2.objectSetDefault(","                local.global.utility2_rollup || local.global.local,","                local.global.utility2","            );","            break;","        // re-init local from example.js","        case 'node':","            local = (local.global.utility2_rollup || require('utility2'))","                .requireExampleJsFromReadme();","            break;","        }","        // export local","        local.global.local = local;","    }());","","","","    // run shared js-env code - function","    (function () {","        return;","    }());","    switch (local.modeJs) {","","","","    // run browser js-env code - function","    case 'browser':","        break;","","","","    // run node js-env code - function","    case 'node':","        break;","    }","","","","    // run shared js-env code - post-init","    (function () {","        return;","    }());","    switch (local.modeJs) {","","","","    // run browser js-env code - post-init","    case 'browser':","        local.testCase_browser_nullCase = local.testCase_browser_nullCase || function (","            options,","            onError","        ) {","        /*","         * this function will test browsers's null-case handling-behavior-behavior","         */","            onError(null, options);","        };","","        // run tests","        local.nop(local.modeTest &&","            document.querySelector('#testRunButton1') &&","            document.querySelector('#testRunButton1').click());","        break;","","","","    // run node js-env code - post-init","    /* istanbul ignore next */","    case 'node':","        local.testCase_buildApidoc_default = local.testCase_buildApidoc_default || function (","            options,","            onError","        ) {","        /*","         * this function will test buildApidoc's default handling-behavior-behavior","         */","            options = { modulePathList: module.paths };","            local.buildApidoc(options, onError);","        };","","        local.testCase_buildApp_default = local.testCase_buildApp_default || function (","            options,","            onError","        ) {","        /*","         * this function will test buildApp's default handling-behavior-behavior","         */","            local.testCase_buildReadme_default(options, local.onErrorThrow);","            local.testCase_buildLib_default(options, local.onErrorThrow);","            local.testCase_buildTest_default(options, local.onErrorThrow);","            local.testCase_buildCustomOrg_default(options, local.onErrorThrow);","            options = [];","            local.buildApp(options, onError);","        };","","        local.testCase_buildCustomOrg_default = local.testCase_buildCustomOrg_default ||","            function (options, onError) {","            /*","             * this function will test buildCustomOrg's default handling-behavior","             */","                options = {};","                local.buildCustomOrg(options, onError);","            };","","        local.testCase_buildLib_default = local.testCase_buildLib_default || function (","            options,","            onError","        ) {","        /*","         * this function will test buildLib's default handling-behavior","         */","            options = {};","            local.buildLib(options, onError);","        };","","        local.testCase_buildReadme_default = local.testCase_buildReadme_default || function (","            options,","            onError","        ) {","        /*","         * this function will test buildReadme's default handling-behavior-behavior","         */","            options = {};","            local.buildReadme(options, onError);","        };","","        local.testCase_buildTest_default = local.testCase_buildTest_default || function (","            options,","            onError","        ) {","        /*","         * this function will test buildTest's default handling-behavior","         */","            options = {};","            local.buildTest(options, onError);","        };","","        local.testCase_webpage_default = local.testCase_webpage_default || function (","            options,","            onError","        ) {","        /*","         * this function will test webpage's default handling-behavior","         */","            options = { modeCoverageMerge: true, url: local.serverLocalHost + '?modeTest=1' };","            local.browserTest(options, onError);","        };","","        // run test-server","        local.testRunServer(local);","        break;","    }","}());",""],"l":{"12":2,"14":2,"19":2,"21":2,"23":2,"24":2,"25":2,"30":1,"37":2,"40":2,"43":1,"47":1,"50":1,"52":1,"55":2,"61":2,"62":2,"64":2,"70":1,"76":1,"82":2,"83":2,"85":2,"91":1,"98":1,"102":1,"105":1,"112":1,"119":1,"120":1,"123":1,"130":1,"131":1,"132":1,"133":1,"134":1,"135":1,"138":1,"143":2,"144":2,"147":1,"154":2,"155":2,"158":1,"165":2,"166":2,"169":1,"176":2,"177":2,"180":1,"187":1,"188":1,"192":1,"193":1}},"/home/travis/build/npmtest/node-npmtest-iz/lib.npmtest_iz.js":{"path":"/home/travis/build/npmtest/node-npmtest-iz/lib.npmtest_iz.js","s":{"1":2,"2":2,"3":2,"4":2,"5":2,"6":2,"7":2,"8":1,"9":2,"10":2,"11":2,"12":2,"13":1,"14":1,"15":1,"16":1},"b":{"1":[2,1,1,1],"2":[1,1,1,1],"3":[1,1],"4":[2,2],"5":[1,1]},"f":{"1":2,"2":2,"3":2},"fnMap":{"1":{"name":"(anonymous_1)","line":12,"loc":{"start":{"line":12,"column":1},"end":{"line":12,"column":13}}},"2":{"name":"(anonymous_2)","line":19,"loc":{"start":{"line":19,"column":5},"end":{"line":19,"column":17}}},"3":{"name":"(anonymous_3)","line":23,"loc":{"start":{"line":23,"column":24},"end":{"line":23,"column":36}}}},"statementMap":{"1":{"start":{"line":12,"column":0},"end":{"line":53,"column":5}},"2":{"start":{"line":14,"column":4},"end":{"line":14,"column":14}},"3":{"start":{"line":19,"column":4},"end":{"line":52,"column":9}},"4":{"start":{"line":21,"column":8},"end":{"line":21,"column":19}},"5":{"start":{"line":23,"column":8},"end":{"line":35,"column":13}},"6":{"start":{"line":24,"column":12},"end":{"line":34,"column":13}},"7":{"start":{"line":25,"column":16},"end":{"line":28,"column":30}},"8":{"start":{"line":30,"column":16},"end":{"line":33,"column":27}},"9":{"start":{"line":37,"column":8},"end":{"line":39,"column":21}},"10":{"start":{"line":41,"column":8},"end":{"line":41,"column":54}},"11":{"start":{"line":43,"column":8},"end":{"line":43,"column":47}},"12":{"start":{"line":45,"column":8},"end":{"line":51,"column":9}},"13":{"start":{"line":46,"column":12},"end":{"line":46,"column":53}},"14":{"start":{"line":48,"column":12},"end":{"line":48,"column":35}},"15":{"start":{"line":49,"column":12},"end":{"line":49,"column":49}},"16":{"start":{"line":50,"column":12},"end":{"line":50,"column":43}}},"branchMap":{"1":{"line":25,"type":"binary-expr","locations":[{"start":{"line":25,"column":23},"end":{"line":25,"column":62}},{"start":{"line":26,"column":20},"end":{"line":26,"column":70}},{"start":{"line":27,"column":20},"end":{"line":27,"column":71}},{"start":{"line":28,"column":20},"end":{"line":28,"column":29}}]},"2":{"line":30,"type":"binary-expr","locations":[{"start":{"line":30,"column":23},"end":{"line":30,"column":37}},{"start":{"line":31,"column":20},"end":{"line":31,"column":61}},{"start":{"line":32,"column":20},"end":{"line":32,"column":70}},{"start":{"line":33,"column":20},"end":{"line":33,"column":26}}]},"3":{"line":37,"type":"cond-expr","locations":[{"start":{"line":38,"column":14},"end":{"line":38,"column":20}},{"start":{"line":39,"column":14},"end":{"line":39,"column":20}}]},"4":{"line":41,"type":"binary-expr","locations":[{"start":{"line":41,"column":16},"end":{"line":41,"column":44}},{"start":{"line":41,"column":48},"end":{"line":41,"column":53}}]},"5":{"line":45,"type":"if","locations":[{"start":{"line":45,"column":8},"end":{"line":45,"column":8}},{"start":{"line":45,"column":8},"end":{"line":45,"column":8}}]}},"code":["/* istanbul instrument in package npmtest_iz */","/*jslint","    bitwise: true,","    browser: true,","    maxerr: 8,","    maxlen: 96,","    node: true,","    nomen: true,","    regexp: true,","    stupid: true","*/","(function () {","    'use strict';","    var local;","","","","    // run shared js-env code - pre-init","    (function () {","        // init local","        local = {};","        // init modeJs","        local.modeJs = (function () {","            try {","                return typeof navigator.userAgent === 'string' &&","                    typeof document.querySelector('body') === 'object' &&","                    typeof XMLHttpRequest.prototype.open === 'function' &&","                    'browser';","            } catch (errorCaughtBrowser) {","                return module.exports &&","                    typeof process.versions.node === 'string' &&","                    typeof require('http').createServer === 'function' &&","                    'node';","            }","        }());","        // init global","        local.global = local.modeJs === 'browser'","            ? window","            : global;","        // init utility2_rollup","        local = local.global.utility2_rollup || local;","        // init lib","        local.local = local.npmtest_iz = local;","        // init exports","        if (local.modeJs === 'browser') {","            local.global.utility2_npmtest_iz = local;","        } else {","            module.exports = local;","            module.exports.__dirname = __dirname;","            module.exports.module = module;","        }","    }());","}());",""],"l":{"12":2,"14":2,"19":2,"21":2,"23":2,"24":2,"25":2,"30":1,"37":2,"41":2,"43":2,"45":2,"46":1,"48":1,"49":1,"50":1}},"/home/travis/build/npmtest/node-npmtest-iz/example.js":{"path":"/home/travis/build/npmtest/node-npmtest-iz/example.js","s":{"1":2,"2":2,"3":2,"4":2,"5":2,"6":2,"7":2,"8":1,"9":2,"10":2,"11":2,"12":2,"13":1,"14":2,"15":2,"16":2,"17":2,"18":2,"19":0,"20":2,"21":1,"22":1,"23":1,"24":1,"25":1,"26":0,"27":0,"28":1,"29":1,"30":2,"31":0,"32":0,"33":0,"34":1,"35":2,"36":2,"37":3,"38":3,"39":3,"40":3,"41":0,"42":3,"43":3,"44":3,"45":1,"46":3,"47":1,"48":1,"49":1,"50":1,"51":1,"52":1,"53":1,"54":1,"55":1,"56":1,"57":0,"58":1,"59":6,"60":6,"61":1,"62":2,"63":0,"64":2,"65":1,"66":1,"67":0,"68":0,"69":0,"70":0,"71":0,"72":0,"73":0,"74":0,"75":0,"76":0,"77":0,"78":0,"79":0,"80":0,"81":0,"82":0,"83":0},"b":{"1":[2,1,1,1],"2":[1,1,1,1],"3":[1,1],"4":[2,2],"5":[1,1],"6":[1,1],"7":[2,0],"8":[2,1,1,1,1,1],"9":[0,2,0],"10":[1,1],"11":[2,1,1],"12":[1,0],"13":[0,2],"14":[2,0,0,0,0,0,0],"15":[0,3],"16":[3,0],"17":[1,1],"18":[0,1],"19":[1,2,0,2],"20":[1,0],"21":[1,1],"22":[0,0],"23":[0,0],"24":[0,0],"25":[0,0],"26":[0,0],"27":[0,0],"28":[0,0]},"f":{"1":2,"2":2,"3":2,"4":2,"5":2,"6":2,"7":3,"8":3,"9":3,"10":1,"11":6,"12":0},"fnMap":{"1":{"name":"(anonymous_1)","line":26,"loc":{"start":{"line":26,"column":1},"end":{"line":26,"column":13}}},"2":{"name":"(anonymous_2)","line":33,"loc":{"start":{"line":33,"column":5},"end":{"line":33,"column":17}}},"3":{"name":"(anonymous_3)","line":37,"loc":{"start":{"line":37,"column":24},"end":{"line":37,"column":36}}},"4":{"name":"(anonymous_4)","line":69,"loc":{"start":{"line":69,"column":31},"end":{"line":69,"column":48}},"skip":true},"5":{"name":"(anonymous_5)","line":78,"loc":{"start":{"line":78,"column":26},"end":{"line":78,"column":45}},"skip":true},"6":{"name":"(anonymous_6)","line":123,"loc":{"start":{"line":123,"column":33},"end":{"line":123,"column":48}},"skip":true},"7":{"name":"(anonymous_7)","line":125,"loc":{"start":{"line":125,"column":27},"end":{"line":125,"column":39}},"skip":true},"8":{"name":"(anonymous_8)","line":133,"loc":{"start":{"line":133,"column":59},"end":{"line":133,"column":74}},"skip":true},"9":{"name":"(anonymous_9)","line":143,"loc":{"start":{"line":143,"column":45},"end":{"line":143,"column":62}},"skip":true},"10":{"name":"(anonymous_10)","line":144,"loc":{"start":{"line":144,"column":73},"end":{"line":144,"column":92}},"skip":true},"11":{"name":"(anonymous_11)","line":272,"loc":{"start":{"line":272,"column":51},"end":{"line":272,"column":77}},"skip":true},"12":{"name":"(anonymous_12)","line":315,"loc":{"start":{"line":315,"column":32},"end":{"line":315,"column":61}},"skip":true}},"statementMap":{"1":{"start":{"line":26,"column":0},"end":{"line":326,"column":5}},"2":{"start":{"line":28,"column":4},"end":{"line":28,"column":14}},"3":{"start":{"line":33,"column":4},"end":{"line":60,"column":9}},"4":{"start":{"line":35,"column":8},"end":{"line":35,"column":19}},"5":{"start":{"line":37,"column":8},"end":{"line":49,"column":13}},"6":{"start":{"line":38,"column":12},"end":{"line":48,"column":13}},"7":{"start":{"line":39,"column":16},"end":{"line":42,"column":30}},"8":{"start":{"line":44,"column":16},"end":{"line":47,"column":27}},"9":{"start":{"line":51,"column":8},"end":{"line":53,"column":21}},"10":{"start":{"line":55,"column":8},"end":{"line":57,"column":45}},"11":{"start":{"line":59,"column":8},"end":{"line":59,"column":35}},"12":{"start":{"line":61,"column":4},"end":{"line":325,"column":5}},"13":{"start":{"line":69,"column":8},"end":{"line":121,"column":10},"skip":true},"14":{"start":{"line":70,"column":12},"end":{"line":88,"column":13},"skip":true},"15":{"start":{"line":76,"column":16},"end":{"line":87,"column":19},"skip":true},"16":{"start":{"line":79,"column":20},"end":{"line":86,"column":21},"skip":true},"17":{"start":{"line":82,"column":24},"end":{"line":82,"column":43},"skip":true},"18":{"start":{"line":83,"column":24},"end":{"line":83,"column":30},"skip":true},"19":{"start":{"line":85,"column":24},"end":{"line":85,"column":49},"skip":true},"20":{"start":{"line":89,"column":12},"end":{"line":107,"column":13},"skip":true},"21":{"start":{"line":92,"column":16},"end":{"line":102,"column":17},"skip":true},"22":{"start":{"line":93,"column":20},"end":{"line":93,"column":86},"skip":true},"23":{"start":{"line":94,"column":20},"end":{"line":95,"column":45},"skip":true},"24":{"start":{"line":96,"column":20},"end":{"line":96,"column":42},"skip":true},"25":{"start":{"line":97,"column":20},"end":{"line":97,"column":48},"skip":true},"26":{"start":{"line":100,"column":20},"end":{"line":100,"column":85},"skip":true},"27":{"start":{"line":101,"column":20},"end":{"line":101,"column":96},"skip":true},"28":{"start":{"line":103,"column":16},"end":{"line":103,"column":22},"skip":true},"29":{"start":{"line":106,"column":16},"end":{"line":106,"column":22},"skip":true},"30":{"start":{"line":108,"column":12},"end":{"line":120,"column":13},"skip":true},"31":{"start":{"line":114,"column":16},"end":{"line":119,"column":17},"skip":true},"32":{"start":{"line":116,"column":20},"end":{"line":116,"column":78},"skip":true},"33":{"start":{"line":118,"column":20},"end":{"line":118,"column":47},"skip":true},"34":{"start":{"line":123,"column":8},"end":{"line":141,"column":11},"skip":true},"35":{"start":{"line":124,"column":12},"end":{"line":124,"column":54},"skip":true},"36":{"start":{"line":125,"column":12},"end":{"line":140,"column":14},"skip":true},"37":{"start":{"line":126,"column":16},"end":{"line":126,"column":28},"skip":true},"38":{"start":{"line":127,"column":16},"end":{"line":127,"column":69},"skip":true},"39":{"start":{"line":128,"column":16},"end":{"line":128,"column":75},"skip":true},"40":{"start":{"line":129,"column":16},"end":{"line":131,"column":17},"skip":true},"41":{"start":{"line":130,"column":20},"end":{"line":130,"column":27},"skip":true},"42":{"start":{"line":133,"column":16},"end":{"line":137,"column":36},"skip":true},"43":{"start":{"line":134,"column":20},"end":{"line":136,"column":55},"skip":true},"44":{"start":{"line":139,"column":16},"end":{"line":139,"column":57},"skip":true},"45":{"start":{"line":143,"column":8},"end":{"line":147,"column":11},"skip":true},"46":{"start":{"line":144,"column":12},"end":{"line":146,"column":15},"skip":true},"47":{"start":{"line":145,"column":16},"end":{"line":145,"column":70},"skip":true},"48":{"start":{"line":149,"column":8},"end":{"line":149,"column":31},"skip":true},"49":{"start":{"line":150,"column":8},"end":{"line":150,"column":14},"skip":true},"50":{"start":{"line":158,"column":8},"end":{"line":158,"column":31},"skip":true},"51":{"start":{"line":160,"column":8},"end":{"line":160,"column":33},"skip":true},"52":{"start":{"line":161,"column":8},"end":{"line":161,"column":37},"skip":true},"53":{"start":{"line":162,"column":8},"end":{"line":162,"column":35},"skip":true},"54":{"start":{"line":164,"column":8},"end":{"line":164,"column":50},"skip":true},"55":{"start":{"line":166,"column":8},"end":{"line":256,"column":2},"skip":true},"56":{"start":{"line":258,"column":8},"end":{"line":286,"column":9},"skip":true},"57":{"start":{"line":259,"column":12},"end":{"line":269,"column":14},"skip":true},"58":{"start":{"line":271,"column":12},"end":{"line":285,"column":19},"skip":true},"59":{"start":{"line":274,"column":20},"end":{"line":274,"column":35},"skip":true},"60":{"start":{"line":275,"column":20},"end":{"line":284,"column":21},"skip":true},"61":{"start":{"line":277,"column":24},"end":{"line":277,"column":64},"skip":true},"62":{"start":{"line":279,"column":24},"end":{"line":279,"column":40},"skip":true},"63":{"start":{"line":281,"column":24},"end":{"line":281,"column":40},"skip":true},"64":{"start":{"line":283,"column":24},"end":{"line":283,"column":39},"skip":true},"65":{"start":{"line":288,"column":8},"end":{"line":290,"column":9},"skip":true},"66":{"start":{"line":289,"column":12},"end":{"line":289,"column":18},"skip":true},"67":{"start":{"line":291,"column":8},"end":{"line":293,"column":54},"skip":true},"68":{"start":{"line":296,"column":8},"end":{"line":301,"column":37},"skip":true},"69":{"start":{"line":303,"column":8},"end":{"line":303,"column":82},"skip":true},"70":{"start":{"line":306,"column":8},"end":{"line":308,"column":9},"skip":true},"71":{"start":{"line":307,"column":12},"end":{"line":307,"column":82},"skip":true},"72":{"start":{"line":310,"column":8},"end":{"line":312,"column":9},"skip":true},"73":{"start":{"line":311,"column":12},"end":{"line":311,"column":18},"skip":true},"74":{"start":{"line":313,"column":8},"end":{"line":313,"column":54},"skip":true},"75":{"start":{"line":314,"column":8},"end":{"line":314,"column":69},"skip":true},"76":{"start":{"line":315,"column":8},"end":{"line":323,"column":36},"skip":true},"77":{"start":{"line":316,"column":12},"end":{"line":316,"column":61},"skip":true},"78":{"start":{"line":317,"column":12},"end":{"line":320,"column":13},"skip":true},"79":{"start":{"line":318,"column":16},"end":{"line":318,"column":75},"skip":true},"80":{"start":{"line":319,"column":16},"end":{"line":319,"column":23},"skip":true},"81":{"start":{"line":321,"column":12},"end":{"line":321,"column":38},"skip":true},"82":{"start":{"line":322,"column":12},"end":{"line":322,"column":27},"skip":true},"83":{"start":{"line":324,"column":8},"end":{"line":324,"column":14},"skip":true}},"branchMap":{"1":{"line":39,"type":"binary-expr","locations":[{"start":{"line":39,"column":23},"end":{"line":39,"column":62}},{"start":{"line":40,"column":20},"end":{"line":40,"column":70}},{"start":{"line":41,"column":20},"end":{"line":41,"column":71}},{"start":{"line":42,"column":20},"end":{"line":42,"column":29}}]},"2":{"line":44,"type":"binary-expr","locations":[{"start":{"line":44,"column":23},"end":{"line":44,"column":37}},{"start":{"line":45,"column":20},"end":{"line":45,"column":61}},{"start":{"line":46,"column":20},"end":{"line":46,"column":70}},{"start":{"line":47,"column":20},"end":{"line":47,"column":26}}]},"3":{"line":51,"type":"cond-expr","locations":[{"start":{"line":52,"column":14},"end":{"line":52,"column":20}},{"start":{"line":53,"column":14},"end":{"line":53,"column":20}}]},"4":{"line":55,"type":"binary-expr","locations":[{"start":{"line":55,"column":16},"end":{"line":55,"column":44}},{"start":{"line":55,"column":49},"end":{"line":57,"column":43}}]},"5":{"line":55,"type":"cond-expr","locations":[{"start":{"line":56,"column":14},"end":{"line":56,"column":46}},{"start":{"line":57,"column":14},"end":{"line":57,"column":43}}]},"6":{"line":61,"type":"switch","locations":[{"start":{"line":68,"column":4},"end":{"line":150,"column":14},"skip":true},{"start":{"line":156,"column":4},"end":{"line":324,"column":14},"skip":true}]},"7":{"line":70,"type":"if","locations":[{"start":{"line":70,"column":12},"end":{"line":70,"column":12},"skip":true},{"start":{"line":70,"column":12},"end":{"line":70,"column":12},"skip":true}]},"8":{"line":70,"type":"binary-expr","locations":[{"start":{"line":70,"column":16},"end":{"line":70,"column":22},"skip":true},{"start":{"line":70,"column":27},"end":{"line":70,"column":32},"skip":true},{"start":{"line":71,"column":20},"end":{"line":71,"column":39},"skip":true},{"start":{"line":72,"column":20},"end":{"line":72,"column":49},"skip":true},{"start":{"line":73,"column":20},"end":{"line":73,"column":58},"skip":true},{"start":{"line":74,"column":20},"end":{"line":74,"column":69},"skip":true}]},"9":{"line":79,"type":"switch","locations":[{"start":{"line":80,"column":20},"end":{"line":80,"column":33},"skip":true},{"start":{"line":81,"column":20},"end":{"line":83,"column":30},"skip":true},{"start":{"line":84,"column":20},"end":{"line":85,"column":49},"skip":true}]},"10":{"line":89,"type":"switch","locations":[{"start":{"line":90,"column":12},"end":{"line":103,"column":22},"skip":true},{"start":{"line":105,"column":12},"end":{"line":106,"column":22},"skip":true}]},"11":{"line":89,"type":"binary-expr","locations":[{"start":{"line":89,"column":20},"end":{"line":89,"column":25},"skip":true},{"start":{"line":89,"column":29},"end":{"line":89,"column":48},"skip":true},{"start":{"line":89,"column":52},"end":{"line":89,"column":74},"skip":true}]},"12":{"line":92,"type":"if","locations":[{"start":{"line":92,"column":16},"end":{"line":92,"column":16},"skip":true},{"start":{"line":92,"column":16},"end":{"line":92,"column":16},"skip":true}]},"13":{"line":108,"type":"if","locations":[{"start":{"line":108,"column":12},"end":{"line":108,"column":12},"skip":true},{"start":{"line":108,"column":12},"end":{"line":108,"column":12},"skip":true}]},"14":{"line":108,"type":"binary-expr","locations":[{"start":{"line":108,"column":16},"end":{"line":108,"column":61},"skip":true},{"start":{"line":108,"column":66},"end":{"line":108,"column":72},"skip":true},{"start":{"line":108,"column":77},"end":{"line":108,"column":82},"skip":true},{"start":{"line":109,"column":20},"end":{"line":109,"column":39},"skip":true},{"start":{"line":110,"column":20},"end":{"line":110,"column":49},"skip":true},{"start":{"line":111,"column":20},"end":{"line":111,"column":58},"skip":true},{"start":{"line":112,"column":20},"end":{"line":112,"column":68},"skip":true}]},"15":{"line":129,"type":"if","locations":[{"start":{"line":129,"column":16},"end":{"line":129,"column":16},"skip":true},{"start":{"line":129,"column":16},"end":{"line":129,"column":16},"skip":true}]},"16":{"line":134,"type":"cond-expr","locations":[{"start":{"line":135,"column":26},"end":{"line":135,"column":29},"skip":true},{"start":{"line":136,"column":26},"end":{"line":136,"column":54},"skip":true}]},"17":{"line":164,"type":"binary-expr","locations":[{"start":{"line":164,"column":27},"end":{"line":164,"column":43},"skip":true},{"start":{"line":164,"column":47},"end":{"line":164,"column":49},"skip":true}]},"18":{"line":258,"type":"if","locations":[{"start":{"line":258,"column":8},"end":{"line":258,"column":8},"skip":true},{"start":{"line":258,"column":8},"end":{"line":258,"column":8},"skip":true}]},"19":{"line":275,"type":"switch","locations":[{"start":{"line":276,"column":20},"end":{"line":277,"column":64},"skip":true},{"start":{"line":278,"column":20},"end":{"line":279,"column":40},"skip":true},{"start":{"line":280,"column":20},"end":{"line":281,"column":40},"skip":true},{"start":{"line":282,"column":20},"end":{"line":283,"column":39},"skip":true}]},"20":{"line":288,"type":"if","locations":[{"start":{"line":288,"column":8},"end":{"line":288,"column":8},"skip":true},{"start":{"line":288,"column":8},"end":{"line":288,"column":8},"skip":true}]},"21":{"line":288,"type":"binary-expr","locations":[{"start":{"line":288,"column":12},"end":{"line":288,"column":40},"skip":true},{"start":{"line":288,"column":44},"end":{"line":288,"column":67},"skip":true}]},"22":{"line":292,"type":"binary-expr","locations":[{"start":{"line":292,"column":12},"end":{"line":292,"column":50},"skip":true},{"start":{"line":293,"column":12},"end":{"line":293,"column":53},"skip":true}]},"23":{"line":297,"type":"binary-expr","locations":[{"start":{"line":297,"column":12},"end":{"line":297,"column":60},"skip":true},{"start":{"line":298,"column":12},"end":{"line":301,"column":36},"skip":true}]},"24":{"line":303,"type":"binary-expr","locations":[{"start":{"line":303,"column":43},"end":{"line":303,"column":75},"skip":true},{"start":{"line":303,"column":79},"end":{"line":303,"column":81},"skip":true}]},"25":{"line":306,"type":"if","locations":[{"start":{"line":306,"column":8},"end":{"line":306,"column":8},"skip":true},{"start":{"line":306,"column":8},"end":{"line":306,"column":8},"skip":true}]},"26":{"line":310,"type":"if","locations":[{"start":{"line":310,"column":8},"end":{"line":310,"column":8},"skip":true},{"start":{"line":310,"column":8},"end":{"line":310,"column":8},"skip":true}]},"27":{"line":313,"type":"binary-expr","locations":[{"start":{"line":313,"column":27},"end":{"line":313,"column":43},"skip":true},{"start":{"line":313,"column":47},"end":{"line":313,"column":53},"skip":true}]},"28":{"line":317,"type":"if","locations":[{"start":{"line":317,"column":12},"end":{"line":317,"column":12},"skip":true},{"start":{"line":317,"column":12},"end":{"line":317,"column":12},"skip":true}]}},"code":["/*","example.js","","quickstart example","","instruction","    1. save this script as example.js","    2. run the shell command:","        $ npm install npmtest-iz && PORT=8081 node example.js","    3. play with the browser-demo on http://127.0.0.1:8081","*/","","","","/* istanbul instrument in package npmtest_iz */","/*jslint","    bitwise: true,","    browser: true,","    maxerr: 8,","    maxlen: 96,","    node: true,","    nomen: true,","    regexp: true,","    stupid: true","*/","(function () {","    'use strict';","    var local;","","","","    // run shared js-env code - pre-init","    (function () {","        // init local","        local = {};","        // init modeJs","        local.modeJs = (function () {","            try {","                return typeof navigator.userAgent === 'string' &&","                    typeof document.querySelector('body') === 'object' &&","                    typeof XMLHttpRequest.prototype.open === 'function' &&","                    'browser';","            } catch (errorCaughtBrowser) {","                return module.exports &&","                    typeof process.versions.node === 'string' &&","                    typeof require('http').createServer === 'function' &&","                    'node';","            }","        }());","        // init global","        local.global = local.modeJs === 'browser'","            ? window","            : global;","        // init utility2_rollup","        local = local.global.utility2_rollup || (local.modeJs === 'browser'","            ? local.global.utility2_npmtest_iz","            : global.utility2_moduleExports);","        // export local","        local.global.local = local;","    }());","    switch (local.modeJs) {","","","","    // post-init","    // run browser js-env code - post-init","    /* istanbul ignore next */","    case 'browser':","        local.testRunBrowser = function (event) {","            if (!event || (event &&","                    event.currentTarget &&","                    event.currentTarget.className &&","                    event.currentTarget.className.includes &&","                    event.currentTarget.className.includes('onreset'))) {","                // reset output","                Array.from(","                    document.querySelectorAll('body > .resettable')","                ).forEach(function (element) {","                    switch (element.tagName) {","                    case 'INPUT':","                    case 'TEXTAREA':","                        element.value = '';","                        break;","                    default:","                        element.textContent = '';","                    }","                });","            }","            switch (event && event.currentTarget && event.currentTarget.id) {","            case 'testRunButton1':","                // show tests","                if (document.querySelector('#testReportDiv1').style.display === 'none') {","                    document.querySelector('#testReportDiv1').style.display = 'block';","                    document.querySelector('#testRunButton1').textContent =","                        'hide internal test';","                    local.modeTest = true;","                    local.testRunDefault(local);","                // hide tests","                } else {","                    document.querySelector('#testReportDiv1').style.display = 'none';","                    document.querySelector('#testRunButton1').textContent = 'run internal test';","                }","                break;","            // custom-case","            default:","                break;","            }","            if (document.querySelector('#inputTextareaEval1') && (!event || (event &&","                    event.currentTarget &&","                    event.currentTarget.className &&","                    event.currentTarget.className.includes &&","                    event.currentTarget.className.includes('oneval')))) {","                // try to eval input-code","                try {","                    /*jslint evil: true*/","                    eval(document.querySelector('#inputTextareaEval1').value);","                } catch (errorCaught) {","                    console.error(errorCaught);","                }","            }","        };","        // log stderr and stdout to #outputTextareaStdout1","        ['error', 'log'].forEach(function (key) {","            console[key + '_original'] = console[key];","            console[key] = function () {","                var element;","                console[key + '_original'].apply(console, arguments);","                element = document.querySelector('#outputTextareaStdout1');","                if (!element) {","                    return;","                }","                // append text to #outputTextareaStdout1","                element.value += Array.from(arguments).map(function (arg) {","                    return typeof arg === 'string'","                        ? arg","                        : JSON.stringify(arg, null, 4);","                }).join(' ') + '\\n';","                // scroll textarea to bottom","                element.scrollTop = element.scrollHeight;","            };","        });","        // init event-handling","        ['change', 'click', 'keyup'].forEach(function (event) {","            Array.from(document.querySelectorAll('.on' + event)).forEach(function (element) {","                element.addEventListener(event, local.testRunBrowser);","            });","        });","        // run tests","        local.testRunBrowser();","        break;","","","","    // run node js-env code - post-init","    /* istanbul ignore next */","    case 'node':","        // export local","        module.exports = local;","        // require modules","        local.fs = require('fs');","        local.http = require('http');","        local.url = require('url');","        // init assets","        local.assetsDict = local.assetsDict || {};","        /* jslint-ignore-begin */","        local.assetsDict['/assets.index.template.html'] = '\\","<!doctype html>\\n\\","<html lang=\"en\">\\n\\","<head>\\n\\","<meta charset=\"UTF-8\">\\n\\","<meta name=\"viewport\" content=\"width=device-width, initial-scale=1\">\\n\\","<title>{{env.npm_package_name}} (v{{env.npm_package_version}})</title>\\n\\","<style>\\n\\","/*csslint\\n\\","    box-sizing: false,\\n\\","    universal-selector: false\\n\\","*/\\n\\","* {\\n\\","    box-sizing: border-box;\\n\\","}\\n\\","body {\\n\\","    background: #dde;\\n\\","    font-family: Arial, Helvetica, sans-serif;\\n\\","    margin: 2rem;\\n\\","}\\n\\","body > * {\\n\\","    margin-bottom: 1rem;\\n\\","}\\n\\",".utility2FooterDiv {\\n\\","    margin-top: 20px;\\n\\","    text-align: center;\\n\\","}\\n\\","</style>\\n\\","<style>\\n\\","/*csslint\\n\\","*/\\n\\","textarea {\\n\\","    font-family: monospace;\\n\\","    height: 10rem;\\n\\","    width: 100%;\\n\\","}\\n\\","textarea[readonly] {\\n\\","    background: #ddd;\\n\\","}\\n\\","</style>\\n\\","</head>\\n\\","<body>\\n\\","<!-- utility2-comment\\n\\","<div id=\"ajaxProgressDiv1\" style=\"background: #d00; height: 2px; left: 0; margin: 0; padding: 0; position: fixed; top: 0; transition: background 0.5s, width 1.5s; width: 25%;\"></div>\\n\\","utility2-comment -->\\n\\","<h1>\\n\\","<!-- utility2-comment\\n\\","    <a\\n\\","        {{#if env.npm_package_homepage}}\\n\\","        href=\"{{env.npm_package_homepage}}\"\\n\\","        {{/if env.npm_package_homepage}}\\n\\","        target=\"_blank\"\\n\\","    >\\n\\","utility2-comment -->\\n\\","        {{env.npm_package_name}} (v{{env.npm_package_version}})\\n\\","<!-- utility2-comment\\n\\","    </a>\\n\\","utility2-comment -->\\n\\","</h1>\\n\\","<h3>{{env.npm_package_description}}</h3>\\n\\","<!-- utility2-comment\\n\\","<h4><a download href=\"assets.app.js\">download standalone app</a></h4>\\n\\","<button class=\"onclick onreset\" id=\"testRunButton1\">run internal test</button><br>\\n\\","<div id=\"testReportDiv1\" style=\"display: none;\"></div>\\n\\","utility2-comment -->\\n\\","\\n\\","\\n\\","\\n\\","<label>stderr and stdout</label>\\n\\","<textarea class=\"resettable\" id=\"outputTextareaStdout1\" readonly></textarea>\\n\\","<!-- utility2-comment\\n\\","{{#if isRollup}}\\n\\","<script src=\"assets.app.js\"></script>\\n\\","{{#unless isRollup}}\\n\\","utility2-comment -->\\n\\","<script src=\"assets.utility2.rollup.js\"></script>\\n\\","<script src=\"jsonp.utility2._stateInit?callback=window.utility2._stateInit\"></script>\\n\\","<script src=\"assets.npmtest_iz.rollup.js\"></script>\\n\\","<script src=\"assets.example.js\"></script>\\n\\","<script src=\"assets.test.js\"></script>\\n\\","<!-- utility2-comment\\n\\","{{/if isRollup}}\\n\\","utility2-comment -->\\n\\","<div class=\"utility2FooterDiv\">\\n\\","    [ this app was created with\\n\\","    <a href=\"https://github.com/kaizhu256/node-utility2\" target=\"_blank\">utility2</a>\\n\\","    ]\\n\\","</div>\\n\\","</body>\\n\\","</html>\\n\\","';","        /* jslint-ignore-end */","        if (local.templateRender) {","            local.assetsDict['/'] = local.templateRender(","                local.assetsDict['/assets.index.template.html'],","                {","                    env: local.objectSetDefault(local.env, {","                        npm_package_description: 'the greatest app in the world!',","                        npm_package_name: 'my-app',","                        npm_package_nameAlias: 'my_app',","                        npm_package_version: '0.0.1'","                    })","                }","            );","        } else {","            local.assetsDict['/'] = local.assetsDict['/assets.index.template.html']","                .replace((/\\{\\{env\\.(\\w+?)\\}\\}/g), function (match0, match1) {","                    // jslint-hack","                    String(match0);","                    switch (match1) {","                    case 'npm_package_description':","                        return 'the greatest app in the world!';","                    case 'npm_package_name':","                        return 'my-app';","                    case 'npm_package_nameAlias':","                        return 'my_app';","                    case 'npm_package_version':","                        return '0.0.1';","                    }","                });","        }","        // run the cli","        if (local.global.utility2_rollup || module !== require.main) {","            break;","        }","        local.assetsDict['/assets.example.js'] =","            local.assetsDict['/assets.example.js'] ||","            local.fs.readFileSync(__filename, 'utf8');","        // bug-workaround - long $npm_package_buildCustomOrg","        /* jslint-ignore-begin */","        local.assetsDict['/assets.npmtest_iz.rollup.js'] =","            local.assetsDict['/assets.npmtest_iz.rollup.js'] ||","            local.fs.readFileSync(","                local.npmtest_iz.__dirname + '/lib.npmtest_iz.js',","                'utf8'","            ).replace((/^#!/), '//');","        /* jslint-ignore-end */","        local.assetsDict['/favicon.ico'] = local.assetsDict['/favicon.ico'] || '';","        // if $npm_config_timeout_exit exists,","        // then exit this process after $npm_config_timeout_exit ms","        if (Number(process.env.npm_config_timeout_exit)) {","            setTimeout(process.exit, Number(process.env.npm_config_timeout_exit));","        }","        // start server","        if (local.global.utility2_serverHttp1) {","            break;","        }","        process.env.PORT = process.env.PORT || '8081';","        console.error('server starting on port ' + process.env.PORT);","        local.http.createServer(function (request, response) {","            request.urlParsed = local.url.parse(request.url);","            if (local.assetsDict[request.urlParsed.pathname] !== undefined) {","                response.end(local.assetsDict[request.urlParsed.pathname]);","                return;","            }","            response.statusCode = 404;","            response.end();","        }).listen(process.env.PORT);","        break;","    }","}());",""],"l":{"26":2,"28":2,"33":2,"35":2,"37":2,"38":2,"39":2,"44":1,"51":2,"55":2,"59":2,"61":2,"69":1,"70":2,"76":2,"79":2,"82":2,"83":2,"85":1,"89":2,"92":1,"93":1,"94":1,"96":1,"97":1,"100":1,"101":1,"103":1,"106":1,"108":2,"114":1,"116":1,"118":1,"123":1,"124":2,"125":2,"126":3,"127":3,"128":3,"129":3,"130":1,"133":3,"134":3,"139":3,"143":1,"144":3,"145":1,"149":1,"150":1,"158":1,"160":1,"161":1,"162":1,"164":1,"166":1,"258":1,"259":1,"271":1,"274":6,"275":6,"277":1,"279":2,"281":1,"283":2,"288":1,"289":1,"291":1,"296":1,"303":1,"306":1,"307":1,"310":1,"311":1,"313":1,"314":1,"315":1,"316":1,"317":1,"318":1,"319":1,"321":1,"322":1,"324":1}},"/home/travis/build/npmtest/node-npmtest-iz/node_modules/iz/app.js":{"path":"/home/travis/build/npmtest/node-npmtest-iz/node_modules/iz/app.js","s":{"1":1,"2":1,"3":1,"4":1,"5":1},"b":{},"f":{"1":1},"fnMap":{"1":{"name":"(anonymous_1)","line":3,"loc":{"start":{"line":3,"column":1},"end":{"line":3,"column":12}}}},"statementMap":{"1":{"start":{"line":3,"column":0},"end":{"line":15,"column":5}},"2":{"start":{"line":7,"column":4},"end":{"line":9,"column":53}},"3":{"start":{"line":11,"column":4},"end":{"line":11,"column":17}},"4":{"start":{"line":12,"column":4},"end":{"line":12,"column":31}},"5":{"start":{"line":14,"column":4},"end":{"line":14,"column":24}}},"branchMap":{},"code":["/*global require, module */","","(function() {","    'use strict';","","    // serves as our bootstrap into other node apps","    var iz = require('../iz/src/iz'),","        are = require('../iz/src/are'),","        validators = require('../iz/src/validators');","","    iz.are = are;","    iz.validators = validators;","","    module.exports = iz;","}());",""],"l":{"3":1,"7":1,"11":1,"12":1,"14":1}},"/home/travis/build/npmtest/node-npmtest-iz/node_modules/iz/src/iz.js":{"path":"/home/travis/build/npmtest/node-npmtest-iz/node_modules/iz/src/iz.js","s":{"1":1,"2":1,"3":1,"4":1,"5":0,"6":0,"7":0,"8":0,"9":0,"10":0,"11":1,"12":0,"13":0,"14":1,"15":0,"16":0,"17":0,"18":0,"19":0,"20":0,"21":0,"22":0,"23":0,"24":1,"25":0,"26":0,"27":0,"28":1,"29":0,"30":0,"31":0,"32":0,"33":0,"34":0,"35":0,"36":0,"37":0,"38":1,"39":0,"40":0,"41":0,"42":0,"43":0,"44":0,"45":0,"46":0,"47":0,"48":0,"49":0,"50":0,"51":0,"52":0,"53":0,"54":0,"55":0,"56":0,"57":0,"58":1,"59":0,"60":1,"61":31,"62":31,"63":1,"64":0,"65":0,"66":1,"67":1,"68":1,"69":1},"b":{"1":[0,0],"2":[0,0],"3":[0,0],"4":[0,0],"5":[0,0],"6":[0,0,0,0],"7":[0,0],"8":[0,0],"9":[0,0],"10":[0,0],"11":[0,0],"12":[0,0],"13":[31,0],"14":[1,0],"15":[1,0],"16":[1,1]},"f":{"1":1,"2":0,"3":0,"4":0,"5":0,"6":0,"7":0,"8":0,"9":0,"10":0},"fnMap":{"1":{"name":"(anonymous_1)","line":4,"loc":{"start":{"line":4,"column":1},"end":{"line":4,"column":13}}},"2":{"name":"Iz","line":14,"loc":{"start":{"line":14,"column":4},"end":{"line":14,"column":39}}},"3":{"name":"not","line":26,"loc":{"start":{"line":26,"column":8},"end":{"line":26,"column":23}}},"4":{"name":"revalidate","line":31,"loc":{"start":{"line":31,"column":8},"end":{"line":31,"column":30}}},"5":{"name":"setValue","line":50,"loc":{"start":{"line":50,"column":8},"end":{"line":50,"column":33}}},"6":{"name":"format","line":61,"loc":{"start":{"line":61,"column":8},"end":{"line":61,"column":38}}},"7":{"name":"validator_partial","line":84,"loc":{"start":{"line":84,"column":8},"end":{"line":84,"column":39}}},"8":{"name":"(anonymous_8)","line":88,"loc":{"start":{"line":88,"column":19},"end":{"line":88,"column":30}}},"9":{"name":"(anonymous_9)","line":136,"loc":{"start":{"line":136,"column":9},"end":{"line":136,"column":42}}},"10":{"name":"(anonymous_10)","line":146,"loc":{"start":{"line":146,"column":22},"end":{"line":146,"column":51}}}},"statementMap":{"1":{"start":{"line":2,"column":0},"end":{"line":2,"column":41}},"2":{"start":{"line":4,"column":0},"end":{"line":158,"column":5}},"3":{"start":{"line":7,"column":4},"end":{"line":7,"column":11}},"4":{"start":{"line":14,"column":4},"end":{"line":128,"column":5}},"5":{"start":{"line":15,"column":8},"end":{"line":15,"column":24}},"6":{"start":{"line":17,"column":8},"end":{"line":21,"column":9}},"7":{"start":{"line":18,"column":12},"end":{"line":18,"column":49}},"8":{"start":{"line":20,"column":12},"end":{"line":20,"column":37}},"9":{"start":{"line":23,"column":8},"end":{"line":23,"column":26}},"10":{"start":{"line":24,"column":8},"end":{"line":24,"column":37}},"11":{"start":{"line":26,"column":8},"end":{"line":29,"column":9}},"12":{"start":{"line":27,"column":12},"end":{"line":27,"column":29}},"13":{"start":{"line":28,"column":12},"end":{"line":28,"column":24}},"14":{"start":{"line":31,"column":8},"end":{"line":48,"column":9}},"15":{"start":{"line":32,"column":12},"end":{"line":32,"column":29}},"16":{"start":{"line":33,"column":12},"end":{"line":33,"column":30}},"17":{"start":{"line":35,"column":12},"end":{"line":46,"column":13}},"18":{"start":{"line":36,"column":16},"end":{"line":36,"column":56}},"19":{"start":{"line":38,"column":16},"end":{"line":45,"column":17}},"20":{"start":{"line":39,"column":20},"end":{"line":41,"column":21}},"21":{"start":{"line":40,"column":24},"end":{"line":40,"column":35}},"22":{"start":{"line":43,"column":20},"end":{"line":44,"column":48}},"23":{"start":{"line":47,"column":12},"end":{"line":47,"column":24}},"24":{"start":{"line":50,"column":8},"end":{"line":54,"column":9}},"25":{"start":{"line":51,"column":12},"end":{"line":51,"column":31}},"26":{"start":{"line":52,"column":12},"end":{"line":52,"column":30}},"27":{"start":{"line":53,"column":12},"end":{"line":53,"column":24}},"28":{"start":{"line":61,"column":8},"end":{"line":69,"column":9}},"29":{"start":{"line":62,"column":12},"end":{"line":67,"column":13}},"30":{"start":{"line":63,"column":16},"end":{"line":66,"column":18}},"31":{"start":{"line":68,"column":12},"end":{"line":68,"column":26}},"32":{"start":{"line":71,"column":8},"end":{"line":71,"column":23}},"33":{"start":{"line":72,"column":8},"end":{"line":72,"column":27}},"34":{"start":{"line":73,"column":8},"end":{"line":73,"column":33}},"35":{"start":{"line":74,"column":8},"end":{"line":74,"column":37}},"36":{"start":{"line":75,"column":8},"end":{"line":75,"column":25}},"37":{"start":{"line":76,"column":8},"end":{"line":76,"column":26}},"38":{"start":{"line":84,"column":8},"end":{"line":121,"column":9}},"39":{"start":{"line":85,"column":12},"end":{"line":86,"column":64}},"40":{"start":{"line":87,"column":12},"end":{"line":87,"column":32}},"41":{"start":{"line":88,"column":12},"end":{"line":120,"column":14}},"42":{"start":{"line":89,"column":16},"end":{"line":92,"column":61}},"43":{"start":{"line":95,"column":16},"end":{"line":99,"column":18}},"44":{"start":{"line":102,"column":16},"end":{"line":115,"column":17}},"45":{"start":{"line":104,"column":20},"end":{"line":112,"column":21}},"46":{"start":{"line":105,"column":24},"end":{"line":105,"column":88}},"47":{"start":{"line":106,"column":27},"end":{"line":112,"column":21}},"48":{"start":{"line":107,"column":24},"end":{"line":107,"column":97}},"49":{"start":{"line":108,"column":27},"end":{"line":112,"column":21}},"50":{"start":{"line":109,"column":24},"end":{"line":109,"column":54}},"51":{"start":{"line":111,"column":24},"end":{"line":111,"column":45}},"52":{"start":{"line":114,"column":20},"end":{"line":114,"column":39}},"53":{"start":{"line":117,"column":16},"end":{"line":117,"column":34}},"54":{"start":{"line":119,"column":16},"end":{"line":119,"column":28}},"55":{"start":{"line":123,"column":8},"end":{"line":127,"column":9}},"56":{"start":{"line":124,"column":12},"end":{"line":126,"column":13}},"57":{"start":{"line":125,"column":16},"end":{"line":125,"column":49}},"58":{"start":{"line":136,"column":4},"end":{"line":138,"column":6}},"59":{"start":{"line":137,"column":8},"end":{"line":137,"column":47}},"60":{"start":{"line":140,"column":4},"end":{"line":144,"column":5}},"61":{"start":{"line":141,"column":8},"end":{"line":143,"column":9}},"62":{"start":{"line":142,"column":12},"end":{"line":142,"column":36}},"63":{"start":{"line":146,"column":4},"end":{"line":149,"column":6}},"64":{"start":{"line":147,"column":8},"end":{"line":147,"column":51}},"65":{"start":{"line":148,"column":8},"end":{"line":148,"column":24}},"66":{"start":{"line":152,"column":4},"end":{"line":157,"column":5}},"67":{"start":{"line":153,"column":8},"end":{"line":155,"column":9}},"68":{"start":{"line":154,"column":12},"end":{"line":154,"column":42}},"69":{"start":{"line":156,"column":8},"end":{"line":156,"column":24}}},"branchMap":{"1":{"line":17,"type":"if","locations":[{"start":{"line":17,"column":8},"end":{"line":17,"column":8}},{"start":{"line":17,"column":8},"end":{"line":17,"column":8}}]},"2":{"line":38,"type":"if","locations":[{"start":{"line":38,"column":16},"end":{"line":38,"column":16}},{"start":{"line":38,"column":16},"end":{"line":38,"column":16}}]},"3":{"line":39,"type":"if","locations":[{"start":{"line":39,"column":20},"end":{"line":39,"column":20}},{"start":{"line":39,"column":20},"end":{"line":39,"column":20}}]},"4":{"line":92,"type":"cond-expr","locations":[{"start":{"line":92,"column":39},"end":{"line":92,"column":45}},{"start":{"line":92,"column":48},"end":{"line":92,"column":50}}]},"5":{"line":102,"type":"if","locations":[{"start":{"line":102,"column":16},"end":{"line":102,"column":16}},{"start":{"line":102,"column":16},"end":{"line":102,"column":16}}]},"6":{"line":102,"type":"binary-expr","locations":[{"start":{"line":102,"column":21},"end":{"line":102,"column":31}},{"start":{"line":102,"column":35},"end":{"line":102,"column":42}},{"start":{"line":102,"column":48},"end":{"line":102,"column":57}},{"start":{"line":102,"column":61},"end":{"line":102,"column":67}}]},"7":{"line":104,"type":"if","locations":[{"start":{"line":104,"column":20},"end":{"line":104,"column":20}},{"start":{"line":104,"column":20},"end":{"line":104,"column":20}}]},"8":{"line":104,"type":"binary-expr","locations":[{"start":{"line":104,"column":24},"end":{"line":104,"column":34}},{"start":{"line":104,"column":38},"end":{"line":104,"column":84}}]},"9":{"line":106,"type":"if","locations":[{"start":{"line":106,"column":27},"end":{"line":106,"column":27}},{"start":{"line":106,"column":27},"end":{"line":106,"column":27}}]},"10":{"line":106,"type":"binary-expr","locations":[{"start":{"line":106,"column":31},"end":{"line":106,"column":40}},{"start":{"line":106,"column":44},"end":{"line":106,"column":99}}]},"11":{"line":108,"type":"if","locations":[{"start":{"line":108,"column":27},"end":{"line":108,"column":27}},{"start":{"line":108,"column":27},"end":{"line":108,"column":27}}]},"12":{"line":124,"type":"if","locations":[{"start":{"line":124,"column":12},"end":{"line":124,"column":12}},{"start":{"line":124,"column":12},"end":{"line":124,"column":12}}]},"13":{"line":141,"type":"if","locations":[{"start":{"line":141,"column":8},"end":{"line":141,"column":8}},{"start":{"line":141,"column":8},"end":{"line":141,"column":8}}]},"14":{"line":152,"type":"if","locations":[{"start":{"line":152,"column":4},"end":{"line":152,"column":4}},{"start":{"line":152,"column":4},"end":{"line":152,"column":4}}]},"15":{"line":153,"type":"if","locations":[{"start":{"line":153,"column":8},"end":{"line":153,"column":8}},{"start":{"line":153,"column":8},"end":{"line":153,"column":8}}]},"16":{"line":153,"type":"binary-expr","locations":[{"start":{"line":153,"column":12},"end":{"line":153,"column":41}},{"start":{"line":153,"column":45},"end":{"line":153,"column":59}}]}},"code":["/*global module, exports, require */","var validators = require('./validators');","","(function () {","    'use strict';","","    var iz;","","    /**","     * @param value","     * @param error_messages","     * @constructor","     */","    function Iz(value, error_messages) {","        var self = this;","","        if (typeof error_messages === 'object') {","            this.error_messages = error_messages;","        } else {","            this.error_messages = {};","        }","","        this._not = false;","        this._calledValidations = {};","","        function not() {","            self._not = true;","            return self;","        }","","        function revalidate() {","            self.errors = [];","            self.valid = true;","","            for (var key in self._calledValidations) {","                var rule = self._calledValidations[key];","","                if (self._calledValidations.hasOwnProperty(key)) {","                    if (rule.not) {","                        self.not();","                    }","","                    validator_partial(rule.validation)","                        .apply(self, rule.args);","                }","            }","            return self;","        }","","        function setValue(value) {","            self.value = value;","            self.revalidate();","            return self;","        }","","        /**","         * Formats a string using the args index as the key","         * @param {String} string","         * @param {Array|Object} args","         */","        function format(string, args) {","            for (var i in args) {","                string = string.replace(","                    new RegExp('\\{\\{\\\\s*'+i+'\\\\s*\\}\\}', 'gim'),","                    args[i]","                );","            }","            return string;","        }","","        this.not = not;","        this.value = value;","        this.setValue = setValue;","        this.revalidate = revalidate;","        this.errors = [];","        this.valid = true;","","        /**","         * Partial application with currying into a validation function. Pushes to error array if an error exists.","         * If an error_message is specified for some specific check then that message is used. Otherwise just the function name.","         * Also sets valid to false if an error is found. It can't ever set valid to true.","         * @param fn","         */","        function validator_partial(fn) {","            var fnName = Array.prototype.slice.call(arguments)[0],","                args = Array.prototype.slice.call(arguments, 1);","            args.unshift(value); //add value to the front","            return function() {","                var argArray = Array.prototype.slice.call(arguments),","                    allArguments = [self.value].concat(argArray),","                    result = validators[fn].apply(null, allArguments),","                    key = (self._not ? 'not_' : '') + fnName;","","                //save rules that have been called","                self._calledValidations[key] = {","                    not: self._not,","                    validation: fn,","                    args: argArray","                };","","                //2 failed validation cases","                if ((!this._not && !result) || (this._not && result)) {","                    //change error message based on not and if an error message is specified","                    if (!this._not && typeof this.error_messages[fn] !== 'undefined') {","                        this.errors.push(format(this.error_messages[fn], allArguments));","                    } else if (this._not && typeof this.error_messages['not_' + fn] !== 'undefined') {","                        this.errors.push(format(this.error_messages['not_' + fn], allArguments));","                    } else if (this._not) {","                        this.errors.push('Not ' + fn);","                    } else {","                        this.errors.push(fn);","                    }","                    //all of these cases result in non-validity","                    this.valid = false;","                }","                //set not back for the next test","                this._not = false;","                //chain","                return this;","            };","        }","","        for (var fn in validators) {","            if (validators.hasOwnProperty(fn)) {","                this[fn] = validator_partial(fn);","            }","        }","    }","","    /**","     * Factory for creating chained checking objects","     * @param value{*}","     * @param error_messages{Object}","     * @return {Object} of type Iz","     */","    iz = function (value, error_messages) {","        return (new Iz(value, error_messages));","    };","","    for (var fn in validators) {","        if (validators.hasOwnProperty(fn)) {","            iz[fn] = validators[fn];","        }","    }","","    iz.addValidator = function (name, func, force) {","        validators.addValidator(name, func, force);","        iz[name] = func;","    };","","    // Export module","    if (typeof exports !== 'undefined') {","        if (typeof module !== 'undefined' && module.exports) {","            exports = module.exports = iz;","        }","        exports.iz = iz;","    }","}());",""],"l":{"2":1,"4":1,"7":1,"14":1,"15":0,"17":0,"18":0,"20":0,"23":0,"24":0,"26":1,"27":0,"28":0,"31":1,"32":0,"33":0,"35":0,"36":0,"38":0,"39":0,"40":0,"43":0,"47":0,"50":1,"51":0,"52":0,"53":0,"61":1,"62":0,"63":0,"68":0,"71":0,"72":0,"73":0,"74":0,"75":0,"76":0,"84":1,"85":0,"87":0,"88":0,"89":0,"95":0,"102":0,"104":0,"105":0,"106":0,"107":0,"108":0,"109":0,"111":0,"114":0,"117":0,"119":0,"123":0,"124":0,"125":0,"136":1,"137":0,"140":1,"141":31,"142":31,"146":1,"147":0,"148":0,"152":1,"153":1,"154":1,"156":1}},"/home/travis/build/npmtest/node-npmtest-iz/node_modules/iz/src/validators.js":{"path":"/home/travis/build/npmtest/node-npmtest-iz/node_modules/iz/src/validators.js","s":{"1":1,"2":1,"3":0,"4":0,"5":0,"6":0,"7":0,"8":1,"9":1,"10":0,"11":1,"12":0,"13":1,"14":0,"15":0,"16":0,"17":1,"18":0,"19":0,"20":0,"21":0,"22":0,"23":1,"24":0,"25":0,"26":0,"27":1,"28":0,"29":0,"30":0,"31":0,"32":0,"33":0,"34":0,"35":1,"36":0,"37":0,"38":0,"39":0,"40":0,"41":1,"42":0,"43":0,"44":0,"45":0,"46":0,"47":1,"48":0,"49":0,"50":0,"51":0,"52":0,"53":0,"54":1,"55":0,"56":1,"57":0,"58":1,"59":0,"60":1,"61":0,"62":0,"63":0,"64":0,"65":0,"66":0,"67":0,"68":0,"69":1,"70":0,"71":0,"72":0,"73":1,"74":0,"75":0,"76":0,"77":0,"78":0,"79":0,"80":0,"81":0,"82":0,"83":0,"84":0,"85":0,"86":0,"87":1,"88":0,"89":0,"90":0,"91":0,"92":0,"93":0,"94":0,"95":1,"96":0,"97":0,"98":0,"99":0,"100":0,"101":0,"102":0,"103":1,"104":0,"105":0,"106":1,"107":0,"108":0,"109":1,"110":0,"111":0,"112":1,"113":0,"114":0,"115":0,"116":0,"117":0,"118":1,"119":0,"120":1,"121":0,"122":0,"123":1,"124":0,"125":0,"126":0,"127":1,"128":0,"129":0,"130":0,"131":1,"132":0,"133":0,"134":0,"135":0,"136":0,"137":1,"138":0,"139":0,"140":0,"141":0,"142":1,"143":0,"144":0,"145":0,"146":0,"147":0,"148":0,"149":0,"150":1,"151":0,"152":0,"153":0,"154":0,"155":0,"156":0,"157":1,"158":0,"159":0,"160":0,"161":0,"162":0,"163":0,"164":1,"165":0,"166":1,"167":26,"168":0,"169":1,"170":1,"171":1,"172":1,"173":1,"174":1,"175":1,"176":1,"177":1,"178":1,"179":1,"180":1,"181":1,"182":1,"183":1,"184":1,"185":1,"186":1,"187":1,"188":1,"189":1,"190":1,"191":1,"192":1,"193":1,"194":1,"195":1,"196":1,"197":1,"198":1,"199":1,"200":1,"201":1,"202":1},"b":{"1":[0,0],"2":[0,0],"3":[0,0],"4":[0,0],"5":[0,0],"6":[0,0,0],"7":[0,0],"8":[0,0,0,0,0,0],"9":[0,0],"10":[0,0],"11":[0,0],"12":[0,0,0,0],"13":[0,0],"14":[0,0],"15":[0,0],"16":[0,0],"17":[0,0],"18":[0,0],"19":[0,0,0],"20":[0,0],"21":[0,0],"22":[0,0],"23":[0,0],"24":[0,0],"25":[0,0,0],"26":[0,0],"27":[0,0],"28":[0,0],"29":[0,0,0],"30":[0,0],"31":[0,0],"32":[0,0],"33":[0,0],"34":[0,0],"35":[0,0,0],"36":[0,0],"37":[0,0],"38":[0,0],"39":[0,0],"40":[0,0],"41":[0,0,0],"42":[0,0],"43":[0,0,0],"44":[0,0],"45":[0,0],"46":[0,0],"47":[0,0],"48":[0,0],"49":[0,0],"50":[0,0,0],"51":[0,0],"52":[0,0],"53":[0,0],"54":[0,0],"55":[0,0],"56":[0,0,0,0,0],"57":[0,0],"58":[0,0,0,0,0],"59":[0,0],"60":[0,0],"61":[0,0],"62":[0,0],"63":[0,0,0],"64":[0,0],"65":[0,0],"66":[0,0],"67":[0,0,0,0,0],"68":[0,0],"69":[0,0],"70":[0,0,0],"71":[0,0],"72":[0,0],"73":[0,0],"74":[0,0,0],"75":[0,0],"76":[1,0],"77":[1,0],"78":[1,1]},"f":{"1":1,"2":0,"3":0,"4":0,"5":0,"6":0,"7":0,"8":0,"9":0,"10":0,"11":0,"12":0,"13":0,"14":0,"15":0,"16":0,"17":0,"18":0,"19":0,"20":0,"21":0,"22":0,"23":0,"24":0,"25":0,"26":0,"27":0,"28":0,"29":0,"30":0,"31":0,"32":0,"33":0,"34":26,"35":0},"fnMap":{"1":{"name":"(anonymous_1)","line":2,"loc":{"start":{"line":2,"column":1},"end":{"line":2,"column":13}}},"2":{"name":"addValidator","line":5,"loc":{"start":{"line":5,"column":4},"end":{"line":5,"column":50}}},"3":{"name":"izAlphaNumeric","line":20,"loc":{"start":{"line":20,"column":4},"end":{"line":20,"column":35}}},"4":{"name":"izString","line":24,"loc":{"start":{"line":24,"column":4},"end":{"line":24,"column":29}}},"5":{"name":"izNumber","line":28,"loc":{"start":{"line":28,"column":4},"end":{"line":28,"column":27}}},"6":{"name":"izBetween","line":35,"loc":{"start":{"line":35,"column":4},"end":{"line":35,"column":40}}},"7":{"name":"izBoolean","line":48,"loc":{"start":{"line":48,"column":4},"end":{"line":48,"column":30}}},"8":{"name":"izInt","line":55,"loc":{"start":{"line":55,"column":4},"end":{"line":55,"column":40}}},"9":{"name":"luhnChk","line":71,"loc":{"start":{"line":71,"column":4},"end":{"line":71,"column":27}}},"10":{"name":"izGetObjectClass","line":91,"loc":{"start":{"line":91,"column":4},"end":{"line":91,"column":35}}},"11":{"name":"izCc","line":103,"loc":{"start":{"line":103,"column":4},"end":{"line":103,"column":25}}},"12":{"name":"izDate","line":121,"loc":{"start":{"line":121,"column":4},"end":{"line":121,"column":27}}},"13":{"name":"izDecimal","line":126,"loc":{"start":{"line":126,"column":4},"end":{"line":126,"column":30}}},"14":{"name":"izEmail","line":138,"loc":{"start":{"line":138,"column":4},"end":{"line":138,"column":28}}},"15":{"name":"izEmpty","line":148,"loc":{"start":{"line":148,"column":4},"end":{"line":148,"column":28}}},"16":{"name":"izBlank","line":166,"loc":{"start":{"line":166,"column":4},"end":{"line":166,"column":28}}},"17":{"name":"izEqual","line":180,"loc":{"start":{"line":180,"column":4},"end":{"line":180,"column":36}}},"18":{"name":"izExtension","line":214,"loc":{"start":{"line":214,"column":4},"end":{"line":214,"column":37}}},"19":{"name":"izFileExtension","line":233,"loc":{"start":{"line":233,"column":4},"end":{"line":233,"column":53}}},"20":{"name":"izFileExtensionAudio","line":248,"loc":{"start":{"line":248,"column":4},"end":{"line":248,"column":41}}},"21":{"name":"izFileExtensionImage","line":253,"loc":{"start":{"line":253,"column":4},"end":{"line":253,"column":41}}},"22":{"name":"izFileExtensionVideo","line":258,"loc":{"start":{"line":258,"column":4},"end":{"line":258,"column":41}}},"23":{"name":"izInArray","line":263,"loc":{"start":{"line":263,"column":4},"end":{"line":263,"column":35}}},"24":{"name":"izAnArray","line":274,"loc":{"start":{"line":274,"column":4},"end":{"line":274,"column":28}}},"25":{"name":"izIp","line":284,"loc":{"start":{"line":284,"column":4},"end":{"line":284,"column":23}}},"26":{"name":"izMinLength","line":289,"loc":{"start":{"line":289,"column":4},"end":{"line":289,"column":35}}},"27":{"name":"izMaxLength","line":298,"loc":{"start":{"line":298,"column":4},"end":{"line":298,"column":35}}},"28":{"name":"izMultiple","line":307,"loc":{"start":{"line":307,"column":4},"end":{"line":307,"column":39}}},"29":{"name":"izOfType","line":318,"loc":{"start":{"line":318,"column":4},"end":{"line":318,"column":33}}},"30":{"name":"izPhone","line":328,"loc":{"start":{"line":328,"column":4},"end":{"line":328,"column":26}}},"31":{"name":"izPostal","line":344,"loc":{"start":{"line":344,"column":4},"end":{"line":344,"column":27}}},"32":{"name":"izSsn","line":358,"loc":{"start":{"line":358,"column":4},"end":{"line":358,"column":24}}},"33":{"name":"izRequired","line":370,"loc":{"start":{"line":370,"column":4},"end":{"line":370,"column":29}}},"34":{"name":"izRequiredOr","line":375,"loc":{"start":{"line":375,"column":4},"end":{"line":375,"column":37}}},"35":{"name":"(anonymous_35)","line":376,"loc":{"start":{"line":376,"column":15},"end":{"line":376,"column":29}}}},"statementMap":{"1":{"start":{"line":2,"column":0},"end":{"line":421,"column":5}},"2":{"start":{"line":5,"column":4},"end":{"line":16,"column":5}},"3":{"start":{"line":6,"column":8},"end":{"line":9,"column":9}},"4":{"start":{"line":8,"column":12},"end":{"line":8,"column":88}},"5":{"start":{"line":11,"column":8},"end":{"line":13,"column":9}},"6":{"start":{"line":12,"column":12},"end":{"line":12,"column":60}},"7":{"start":{"line":15,"column":8},"end":{"line":15,"column":37}},"8":{"start":{"line":18,"column":4},"end":{"line":18,"column":24}},"9":{"start":{"line":20,"column":4},"end":{"line":22,"column":5}},"10":{"start":{"line":21,"column":8},"end":{"line":21,"column":44}},"11":{"start":{"line":24,"column":4},"end":{"line":26,"column":5}},"12":{"start":{"line":25,"column":8},"end":{"line":25,"column":68}},"13":{"start":{"line":28,"column":4},"end":{"line":33,"column":5}},"14":{"start":{"line":29,"column":8},"end":{"line":31,"column":9}},"15":{"start":{"line":30,"column":12},"end":{"line":30,"column":24}},"16":{"start":{"line":32,"column":8},"end":{"line":32,"column":21}},"17":{"start":{"line":35,"column":4},"end":{"line":46,"column":5}},"18":{"start":{"line":36,"column":8},"end":{"line":40,"column":9}},"19":{"start":{"line":39,"column":12},"end":{"line":39,"column":25}},"20":{"start":{"line":42,"column":8},"end":{"line":44,"column":9}},"21":{"start":{"line":43,"column":12},"end":{"line":43,"column":24}},"22":{"start":{"line":45,"column":8},"end":{"line":45,"column":21}},"23":{"start":{"line":48,"column":4},"end":{"line":53,"column":5}},"24":{"start":{"line":49,"column":8},"end":{"line":51,"column":9}},"25":{"start":{"line":50,"column":12},"end":{"line":50,"column":24}},"26":{"start":{"line":52,"column":8},"end":{"line":52,"column":21}},"27":{"start":{"line":55,"column":4},"end":{"line":66,"column":5}},"28":{"start":{"line":56,"column":8},"end":{"line":58,"column":9}},"29":{"start":{"line":57,"column":12},"end":{"line":57,"column":33}},"30":{"start":{"line":60,"column":8},"end":{"line":64,"column":9}},"31":{"start":{"line":61,"column":12},"end":{"line":61,"column":54}},"32":{"start":{"line":62,"column":15},"end":{"line":64,"column":9}},"33":{"start":{"line":63,"column":12},"end":{"line":63,"column":24}},"34":{"start":{"line":65,"column":8},"end":{"line":65,"column":21}},"35":{"start":{"line":71,"column":4},"end":{"line":83,"column":5}},"36":{"start":{"line":72,"column":8},"end":{"line":75,"column":20}},"37":{"start":{"line":77,"column":8},"end":{"line":80,"column":9}},"38":{"start":{"line":78,"column":12},"end":{"line":78,"column":64}},"39":{"start":{"line":79,"column":12},"end":{"line":79,"column":21}},"40":{"start":{"line":82,"column":8},"end":{"line":82,"column":41}},"41":{"start":{"line":91,"column":4},"end":{"line":101,"column":5}},"42":{"start":{"line":92,"column":8},"end":{"line":98,"column":9}},"43":{"start":{"line":93,"column":12},"end":{"line":93,"column":75}},"44":{"start":{"line":95,"column":12},"end":{"line":97,"column":13}},"45":{"start":{"line":96,"column":16},"end":{"line":96,"column":30}},"46":{"start":{"line":100,"column":8},"end":{"line":100,"column":25}},"47":{"start":{"line":103,"column":4},"end":{"line":113,"column":5}},"48":{"start":{"line":104,"column":8},"end":{"line":106,"column":9}},"49":{"start":{"line":105,"column":12},"end":{"line":105,"column":25}},"50":{"start":{"line":108,"column":8},"end":{"line":108,"column":44}},"51":{"start":{"line":109,"column":8},"end":{"line":111,"column":9}},"52":{"start":{"line":110,"column":12},"end":{"line":110,"column":34}},"53":{"start":{"line":112,"column":8},"end":{"line":112,"column":21}},"54":{"start":{"line":121,"column":4},"end":{"line":124,"column":5}},"55":{"start":{"line":122,"column":8},"end":{"line":123,"column":85}},"56":{"start":{"line":126,"column":4},"end":{"line":128,"column":5}},"57":{"start":{"line":127,"column":8},"end":{"line":127,"column":55}},"58":{"start":{"line":138,"column":4},"end":{"line":140,"column":5}},"59":{"start":{"line":139,"column":8},"end":{"line":139,"column":71}},"60":{"start":{"line":148,"column":4},"end":{"line":164,"column":5}},"61":{"start":{"line":149,"column":8},"end":{"line":150,"column":16}},"62":{"start":{"line":152,"column":8},"end":{"line":160,"column":9}},"63":{"start":{"line":153,"column":12},"end":{"line":153,"column":25}},"64":{"start":{"line":154,"column":15},"end":{"line":160,"column":9}},"65":{"start":{"line":155,"column":12},"end":{"line":159,"column":13}},"66":{"start":{"line":156,"column":16},"end":{"line":158,"column":17}},"67":{"start":{"line":157,"column":20},"end":{"line":157,"column":33}},"68":{"start":{"line":163,"column":8},"end":{"line":163,"column":20}},"69":{"start":{"line":166,"column":4},"end":{"line":172,"column":5}},"70":{"start":{"line":167,"column":8},"end":{"line":169,"column":9}},"71":{"start":{"line":168,"column":12},"end":{"line":168,"column":34}},"72":{"start":{"line":171,"column":8},"end":{"line":171,"column":21}},"73":{"start":{"line":180,"column":4},"end":{"line":206,"column":5}},"74":{"start":{"line":181,"column":8},"end":{"line":183,"column":16}},"75":{"start":{"line":185,"column":8},"end":{"line":203,"column":9}},"76":{"start":{"line":186,"column":12},"end":{"line":190,"column":13}},"77":{"start":{"line":189,"column":16},"end":{"line":189,"column":44}},"78":{"start":{"line":191,"column":15},"end":{"line":203,"column":9}},"79":{"start":{"line":192,"column":12},"end":{"line":201,"column":13}},"80":{"start":{"line":193,"column":16},"end":{"line":200,"column":17}},"81":{"start":{"line":195,"column":20},"end":{"line":199,"column":21}},"82":{"start":{"line":196,"column":24},"end":{"line":196,"column":37}},"83":{"start":{"line":197,"column":27},"end":{"line":199,"column":21}},"84":{"start":{"line":198,"column":24},"end":{"line":198,"column":37}},"85":{"start":{"line":202,"column":12},"end":{"line":202,"column":24}},"86":{"start":{"line":205,"column":8},"end":{"line":205,"column":32}},"87":{"start":{"line":214,"column":4},"end":{"line":227,"column":5}},"88":{"start":{"line":215,"column":8},"end":{"line":215,"column":16}},"89":{"start":{"line":216,"column":8},"end":{"line":218,"column":9}},"90":{"start":{"line":217,"column":12},"end":{"line":217,"column":25}},"91":{"start":{"line":220,"column":8},"end":{"line":224,"column":9}},"92":{"start":{"line":221,"column":12},"end":{"line":223,"column":13}},"93":{"start":{"line":222,"column":16},"end":{"line":222,"column":29}},"94":{"start":{"line":226,"column":8},"end":{"line":226,"column":20}},"95":{"start":{"line":233,"column":4},"end":{"line":246,"column":5}},"96":{"start":{"line":234,"column":8},"end":{"line":234,"column":16}},"97":{"start":{"line":236,"column":8},"end":{"line":239,"column":9}},"98":{"start":{"line":238,"column":12},"end":{"line":238,"column":25}},"99":{"start":{"line":241,"column":8},"end":{"line":241,"column":51}},"100":{"s
[...]
     iz.between(6, 5, 6).should.be.ok;","        iz.between(4, 3, 5).should.be.ok;","        iz.between(3, 4, 5).should.not.be.ok;","        iz.between(7, 4, 5).should.not.be.ok;","        iz.between('abc', 'aaa', 'bbb').should.be.ok;","        iz.between('aaa', 'abc', 'bbb').should.not.be.ok;","        iz.between('aaa', 'aaa', 'bbb').should.be.ok;","        iz.between([1, 2], [1], [1, 4]).should.not.be.ok; //default array comparison... this is false.","        iz.between({},{},{}).should.not.be.ok; //it hates objects","        iz.between(function (){}, function (){}, function () {}).should.not.be.ok; //it also despises functions","","        iz.between(null, 1, 5).should.be.ok;","        iz.between(undefined, 1, 5).should.be.ok;","    });","","    it('can validate boolean values', function () {","        iz.boolean(true).should.be.ok;","        iz.boolean(false).should.be.ok;","        iz.boolean(1).should.be.ok;","        iz.boolean(0).should.be.ok;","        iz.boolean(-1).should.not.be.ok;","        iz.boolean('deadbeef').should.not.be.ok;","        iz.boolean('*').should.not.be.ok;","        iz.boolean(/[ \\-]/g).should.not.be.ok;","","        iz.boolean(null).should.be.ok;","        iz.boolean(undefined).should.be.ok;","    });","","    it('can validate blank values', function() {","        iz.blank('').should.be.ok;","        iz.blank('hi').should.not.be.ok;","        iz.blank([]).should.not.be.ok;","","        iz.blank(undefined).should.be.ok;","        iz.blank(null).should.be.ok;","    });","","    /**","     * Tests from Paypal: http://www.paypalobjects.com/en_US/vhelp/paypalmanager_help/credit_card_numbers.htm","     */","    it('can validate credit card numbers', function () {","        iz.cc('371449635398431').should.be.ok; //amex","        iz.cc('343434343434343').should.be.ok; //amex","        iz.cc('371144371144376').should.be.ok; //amex corp","        iz.cc('5610591081018250').should.be.ok; //aus bankcard","        iz.cc('30569309025904').should.be.ok; //diners club","        iz.cc('38520000023237').should.be.ok; //diners club","        iz.cc('6011111111111117').should.be.ok; //discover","        iz.cc('6011000990139424').should.be.ok; //discover","        iz.cc('3530111333300000').should.be.ok; //jcb","        iz.cc('3566002020360505').should.be.ok; //jcb","        iz.cc('5555555555554444').should.be.ok; //mc","        iz.cc('5105105105105100').should.be.ok; //mc","        iz.cc('4111111111111111').should.be.ok; //visa","        iz.cc('4012888888881881').should.be.ok; //visa","        iz.cc('4222222222222').should.be.ok; //visa","        //iz.cc('76009244561').should.be.ok; //dankort (pbs) currently fails... anyone know why?","        iz.cc('5019717010103742').should.be.ok; //dankort (pbs)","        iz.cc('6331101999990016').should.be.ok; //switch/solo (paymentech)","","        iz.cc('0000000000000000').should.not.be.ok;","","        iz.cc('4012 8888 8888 1881').should.be.ok; //visa with spaces","        iz.cc('4012-8888-8888-1881').should.be.ok; //visa with dashes","        iz.cc({}).should.not.be.ok;","        iz.cc(function () {}).should.not.be.ok;","        iz.cc(['5']).should.not.be.ok;","","        iz.cc(null).should.be.ok;","        iz.cc(undefined).should.be.ok;","    });","","    it('can validated dates', function () {","        iz.date(new Date()).should.be.ok;","        iz.date(0).should.be.ok; //assumed milliseconds from epoch","        iz.date('09/23/2012').should.be.ok;","        iz.date('09-23-2012 21:27:00').should.be.ok;","        iz.date('January 5th, 2012').should.not.be.ok;","        iz.date('Pizza').should.not.be.ok;","        iz.date({}).should.not.be.ok;","        iz.date(function () {}).should.not.be.ok;","        iz.date([]).should.not.be.ok;","","        iz.date(null).should.be.ok;","        iz.date(undefined).should.be.ok;","    });","","    it('can validate decimals', function () {","        iz.decimal('5.5').should.be.ok;","        iz.decimal(5.5).should.be.ok;","        iz.decimal('340298.3234234').should.be.ok;","","        iz.decimal(5).should.not.be.ok;","        iz.decimal('5').should.not.be.ok;","        iz.decimal('5.5.5').should.not.be.ok;","        iz.decimal({}).should.not.be.ok;","        iz.decimal(function () {}).should.not.be.ok;","        iz.decimal([]).should.not.be.ok;","","        iz.decimal(null).should.be.ok;","        iz.decimal(undefined).should.be.ok;","    });","","    it('can validate email address', function () {","        iz.email('bob@bob').should.be.ok;","        iz.email('bob@bob.com').should.be.ok;","        iz.email('bob').should.not.be.ok;","        iz.email({}).should.not.be.ok;","        iz.email(function () {}).should.not.be.ok;","        iz.email([]).should.not.be.ok;","        iz.email(5).should.not.be.ok;","","        iz.email(null).should.be.ok;","        iz.email(undefined).should.be.ok;","    });","","    it('can validate that something is empty', function () {","        iz.empty([]).should.be.ok;","        iz.empty({}).should.be.ok;","        iz.empty(function () {}).should.be.ok;","        iz.empty(true).should.be.ok;","        iz.empty(5).should.be.ok;","        iz.empty({bob: true}).should.not.be.ok;","        iz.empty(['hi']).should.not.be.ok;","","        iz.empty(null).should.be.ok;","        iz.empty(undefined).should.be.ok;","    });","","    it('can validate that 2 things are strictly equal', function () {","        var obj1 = {","                bob: 'cheese',","                equals : function(obj2) {","                    if (this.bob === obj2.bob) {","                        return true;","                    }","                    return false;","                }","            },","            //equals method can be different and it will still match","            obj2 = {","                bob: 'cheese',","                equals : function () {}","            },","            //don't even need the equals method","            obj3 = {","                bob: 'cheese'","            },","            obj4 = {","                bob: 'pizza'","            };","        iz.equal('bob', 'bob').should.be.ok;","        iz.equal({},{}).should.be.ok;","        iz.equal({},{'bob': true}).should.be.ok;","        iz.equal(obj1, obj2).should.be.ok;","        iz.equal(obj1, obj3).should.be.ok;","        iz.equal(obj1, obj4).should.not.be.ok;","    });","","    it('can validate that an object is an extension of another object', function () {","        iz.extension({},'5').should.not.be.ok;","        iz.extension({","            bob: 10,","            something: 'hi',","            somethingElse: 'bye'","        },{","            bob: '912dfinn',","            something: 'yes!'","        }).should.be.ok;","        iz.extension([],[]).should.be.ok;","        iz.extension({","            bob: 10,","            something: 'hi'","        },{","            bob: '912dfinn',","            something: 'yes!',","            somethingElse: 'bye'","        }).should.not.be.ok;","        iz.extension([],['hello']).should.not.be.ok;","    });","","    it('can validate that a file extension is valid', function () {","        iz.fileExtension('apple_pie.pizza', ['pizza']).should.be.ok;","        iz.fileExtension('hello.png', ['png']).should.be.ok;","        iz.fileExtension('hello.PNG', ['png']).should.be.ok;","        iz.fileExtension('hello.png', ['PNG']).should.not.be.ok;","        iz.fileExtension('hello.png', ['.png']).should.not.be.ok;","        iz.fileExtension('hello.mp3', ['png']).should.not.be.ok;","        iz.fileExtension({},{}).should.not.be.ok;","","        iz.fileExtension(null).should.be.ok;","        iz.fileExtension(undefined).should.be.ok;","    });","","    it('can validate audio file extensions', function () {","        iz.fileExtensionAudio('apple.mp3').should.be.ok;","        iz.fileExtensionAudio('apple.png').should.not.be.ok;","","        iz.fileExtensionAudio(null).should.be.ok;","        iz.fileExtensionAudio(undefined).should.be.ok;","    });","","    it('can validate image file extensions', function () {","        iz.fileExtensionImage('apple.png').should.be.ok;","        iz.fileExtensionImage('apple.mp3').should.not.be.ok;","","        iz.fileExtensionImage(null).should.be.ok;","        iz.fileExtensionImage(undefined).should.be.ok;","    });","","    it('can validate video file extensions', function () {","        iz.fileExtensionVideo('apple.mp4').should.be.ok;","        iz.fileExtensionVideo('apple.mp3').should.not.be.ok;","","        iz.fileExtensionVideo(null).should.be.ok;","        iz.fileExtensionVideo(undefined).should.be.ok;","    });","","    it('can tell if something is in an array', function () {","        iz.inArray('tofu', ['pizza','chicken','tofu','turkey']).should.be.ok;","        iz.inArray('lizard', ['pizza','chicken','tofu','turkey']).should.not.be.ok;","        iz.inArray(5,6).should.not.be.ok;","        iz.inArray({},[]).should.not.be.ok;","        iz.inArray(function () {}, 5).should.not.be.ok;","    });","","    it('can detect an array', function () {","        iz.anArray(['pizza','chicken','tofu','turkey']).should.be.ok;","        iz.anArray('lizard').should.not.be.ok;","        iz.anArray(5).should.not.be.ok;","        iz.anArray({}).should.not.be.ok;","        iz.anArray(function () {}).should.not.be.ok;","        iz('').anArray().required().valid.should.not.be.ok;","    });","","    it('can validate integers', function () {","        iz.int('1000').should.be.ok;","        iz.int(1000).should.be.ok;","        iz.int(999).should.be.ok;","        iz.int('11.0', true).should.be.ok;","","        iz.int('11.0').should.not.be.ok;","        iz.int(11.2).should.not.be.ok;","        iz.int('bob').should.not.be.ok;","        iz.int({}).should.not.be.ok;","        iz.int([]).should.not.be.ok;","        iz.int(function () {}).should.not.be.ok;","","        iz.int(null).should.be.ok;","        iz.int(undefined).should.be.ok;","    });","","    it('can validate IPv4, IPv6 and host names', function () {","        iz.ip('pizza').should.be.ok;","        //ipv6","        iz.ip('3ffe:1900:4545:3:200:f8ff:fe21:67cf').should.be.ok;","        iz.ip('fe80:0:0:0:200:f8ff:fe21:67cf').should.be.ok;","        iz.ip('fe80::200:f8ff:fe21:67cf').should.be.ok;","        //ipv4","        iz.ip('0.0.0.0').should.be.ok;","        iz.ip('192.0.2.235').should.be.ok;","        //technically valid (citing wikipedia), but doesn't pass, but I don't think it is expected:","        iz.ip('0xC0.0x00.0x02.0xEB').should.not.be.ok;","        iz.ip('0300.0000.0002.0353').should.not.be.ok;","        iz.ip('0xC00002EB').should.not.be.ok;","        iz.ip('3221226219').should.not.be.ok;","        iz.ip('030000001353').should.not.be.ok;","","        iz.ip(null).should.be.ok;","        iz.ip(undefined).should.be.ok;","    });","","    it('can require a string to have some min length', function () {","        iz.minLength('Pizza', 5).should.be.ok;","        iz.minLength('pizza', 4).should.be.ok;","        iz.minLength('pizza', 6).should.not.be.ok;","        iz.minLength({}, 5).should.not.be.ok;","        iz.minLength('lizard', {}).should.not.be.ok;","","        iz.minLength(null).should.be.ok;","        iz.minLength(undefined).should.be.ok;","    });","","    it('can require an array to have some min length', function () {","        iz.minLength([1, 2, 3, 4, 5, 6], 6).should.be.ok;","        iz.minLength([1, 2, 3, 4, 5, 6], 5).should.be.ok;","        iz.minLength([1, 2, 3, 4, 5, 6], 7).should.not.be.ok;","","        iz.minLength(null).should.be.ok;","        iz.minLength(undefined).should.be.ok;","    });","","    it('can require a string to have some max length', function () {","        iz.maxLength('Pizza', 5).should.be.ok;","        iz.maxLength('pizza', 6).should.be.ok;","        iz.maxLength('pizza', 4).should.not.be.ok;","        iz.maxLength({}, 5).should.not.be.ok;","        iz.maxLength('lizard', {}).should.not.be.ok;","","        iz.maxLength(null).should.be.ok;","        iz.maxLength(undefined).should.be.ok;","    });","","    it('can require an array to have some max length', function () {","        iz.maxLength([1, 2, 3, 4, 5, 6], 6).should.be.ok;","        iz.maxLength([1, 2, 3, 4, 5, 6], 7).should.be.ok;","        iz.maxLength([1, 2, 3, 4, 5, 6], 5).should.not.be.ok;","","        iz.maxLength(null).should.be.ok;","        iz.maxLength(undefined).should.be.ok;","    });","","    it('can tell if a number is multiple of another number', function () {","        iz.multiple(10, 5).should.be.ok;","        iz.multiple(10, 2).should.be.ok;","        iz.multiple(2, 10).should.not.be.ok;","        iz.multiple(5, {}).should.not.be.ok; // disallow everything but numbers","","        iz.multiple(null).should.be.ok;","        iz.multiple(undefined).should.be.ok;","    });","","    it('can tell if something is a number', function () {","        iz.number({}).should.not.be.ok;","        iz.number('5').should.be.ok;","        iz.number('5.32342').should.be.ok;","        iz.number(23123).should.be.ok;","        iz.number('bob').should.not.be.ok;","","        iz.number(null).should.be.ok;","        iz.number(undefined).should.be.ok;","    });","","    it('can tell if the name of an object is equal to some string', function () {","        var obj = {};","","        function Car() { }","","        iz.ofType(new Car(), 'Car').should.be.ok;","        iz.ofType(new Car(), 'Object').should.not.be.ok;","        iz.ofType(obj, 'Object').should.be.ok;","","        iz.ofType(null).should.be.ok;","        iz.ofType(undefined).should.be.ok;","    });","","    it('can validate a north american phone number', function () {","        iz.phone(1231231).should.not.be.ok;","        iz.phone({}).should.not.be.ok;","","        iz.phone('1-415-222-2222').should.be.ok;","        iz.phone('1.415.555.5555 extension 422').should.be.ok;","        iz.phone('1415.323.3242 extension x422').should.be.ok;","        iz.phone('11231234567').should.be.ok;","","        iz.phone('123').should.not.be.ok;","        iz.phone('123456789012').should.not.be.ok;","","        iz.phone('1234567890').should.be.ok;","        iz.phone('12345678901').should.be.ok;","","        iz.phone(null).should.be.ok;","        iz.phone(undefined).should.be.ok;","    });","","    it('can validate a US zip-code', function () {","        iz.postal(1231231).should.not.be.ok;","        iz.postal({}).should.not.be.ok;","","        iz.postal('94117').should.be.ok;","        iz.postal('94117 3333').should.be.ok;","        iz.postal('94117-3333').should.be.ok;","        iz.postal('94117 33333').should.not.be.ok;","        iz.postal('9411').should.not.be.ok;","","        iz.postal(null).should.be.ok;","        iz.postal(undefined).should.be.ok;","    });","","    it('can validate a US SSN', function () {","        iz.ssn(123).should.not.be.ok;","        iz.ssn({}).should.not.be.ok;","","        iz.ssn('123456789').should.be.ok;","        iz.ssn('123-45-6789').should.be.ok;","","        iz.ssn('1234567890').should.not.ok;","        iz.ssn('123-45-678').should.not.be.ok;","","        iz.ssn(null).should.be.ok;","        iz.ssn(undefined).should.be.ok;","    });","","    it('can validate required', function() {","        iz.required(null).should.not.be.ok;","        iz.required(undefined).should.not.be.ok;","        iz.required('').should.not.be.ok;","        iz.required({}).should.be.ok;","        iz.required(function () {}).should.be.ok;","        iz.required([]).should.be.ok;","        iz.required(5).should.be.ok;","        iz.required(new Date()).should.be.ok;","    });","","    var dummyValidator = function(value){","        if(typeof value !=='string'){","            return false;","        }","        return value.indexOf('test') === 0;","    };","","    it('can add custom validator',function(){","        iz.addValidator('testStart',dummyValidator);","","        validator.should.have.property('testStart');","","        iz.should.have.property('testStart');","        iz.testStart('test text').should.be.ok;","    });","","    it('custom validator does not override existing validator', function () {","        iz.addValidator.bind(null, 'ssn', dummyValidator).should.throw();","    });","","    it('can override existing validator',function(){","        iz.addValidator('ssn', dummyValidator, true);","","        validator.should.have.property('testStart');","","        iz.should.have.property('ssn');","        iz.ssn('test text').should.be.ok;","    });","","    it('customer validator does not override addValidator', function () {","        iz.addValidator.bind(null, 'addValidator', dummyValidator).should.throw();","    });","});",""],"l":{"4":2,"5":2,"6":2,"9":0,"10":0,"11":0,"12":0,"13":0,"14":0,"15":0,"16":0,"17":0,"18":0,"19":0,"21":0,"22":0,"25":0,"26":0,"27":0,"28":0,"29":0,"30":0,"31":0,"32":0,"34":0,"35":0,"36":0,"38":0,"39":0,"40":0,"41":0,"42":0,"43":0,"45":1,"46":0,"48":0,"49":0,"52":0,"53":0,"54":0,"55":0,"56":0,"57":0,"58":0,"59":0,"60":0,"61":0,"62":0,"63":0,"65":0,"66":0,"69":0,"70":0,"71":0,"72":0,"73":0,"74":0,"75":0,"76":0,"77":0,"79":0,"80":0,"83":0,"84":0,"85":0,"86":0,"88":0,"89":0,"95":0,"96":0,"97":0,"98":0,"99":0,"100":0,"101":0,"102":0,"103":0,"104":0,"105":0,"106":0,"107":0,"108":0,"109":0,"110":0,"112":0,"113":0,"115":0,"117":0,"118":0,"119":0,"120":0,"121":0,"123":0,"124":0,"127":0,"128":0,"129":0,"130":0,"131":0,"132":0,"133":0,"134":0,"135":0,"136":0,"138":0,"139":0,"142":0,"143":0,"144":0,"145":0,"147":0,"148":0,"149":0,"150":0,"151":0,"152":0,"154":0,"155":0,"158":0,"159":0,"160":0,"161":0,"162":0,"163":0,"164":0,"165":0,"167":0,"168":0,"171":0,"172":0,"173":0,"174":0,"175":0,"176":0,"177":0,"178":0,"180":0,"181":0,"184":0,"185":0,"188":0,"189":0,"191":0,"206":0,"207":0,"208":0,"209":0,"210":0,"211":0,"214":0,"215":0,"216":0,"224":0,"225":0,"233":0,"236":0,"237":0,"238":0,"239":0,"240":0,"241":0,"242":0,"243":0,"245":0,"246":0,"249":0,"250":0,"251":0,"253":0,"254":0,"257":0,"258":0,"259":0,"261":0,"262":0,"265":0,"266":0,"267":0,"269":0,"270":0,"273":0,"274":0,"275":0,"276":0,"277":0,"278":0,"281":0,"282":0,"283":0,"284":0,"285":0,"286":0,"287":0,"290":0,"291":0,"292":0,"293":0,"294":0,"296":0,"297":0,"298":0,"299":0,"300":0,"301":0,"303":0,"304":0,"307":0,"308":0,"310":0,"311":0,"312":0,"314":0,"315":0,"317":0,"318":0,"319":0,"320":0,"321":0,"323":0,"324":0,"327":0,"328":0,"329":0,"330":0,"331":0,"332":0,"334":0,"335":0,"338":0,"339":0,"340":0,"341":0,"343":0,"344":0,"347":0,"348":0,"349":0,"350":0,"351":0,"352":0,"354":0,"355":0,"358":0,"359":0,"360":0,"361":0,"363":0,"364":0,"367":0,"368":0,"369":0,"370":0,"371":0,"373":0,"374":0,"377":0,"378":0,"379":0,"380":0,"381":0,"382":0,"384":0,"385":0,"388":0,"389":0,"391":1,"393":0,"394":0,"395":0,"397":0,"398":0,"401":0,"402":0,"403":0,"405":0,"406":0,"407":0,"408":0,"410":0,"411":0,"413":0,"414":0,"416":0,"417":0,"420":0,"421":0,"422":0,"424":0,"425":0,"426":0,"427":0,"428":0,"430":0,"431":0,"434":0,"435":0,"436":0,"438":0,"439":0,"441":0,"442":0,"444":0,"445":0,"448":0,"449":0,"450":0,"451":0,"452":0,"453":0,"454":0,"455":0,"456":0,"459":0,"460":0,"461":0,"463":0,"466":0,"467":0,"469":0,"471":0,"472":0,"475":0,"476":0,"479":0,"480":0,"482":0,"484":0,"485":0,"488":0,"489":0}},"/home/travis/build/npmtest/node-npmtest-iz/node_modules/iz/tasks/amd.js":{"path":"/home/travis/build/npmtest/node-npmtest-iz/node_modules/iz/tasks/amd.js","s":{"1":1,"2":0},"b":{},"f":{"1":0},"fnMap":{"1":{"name":"(anonymous_1)","line":1,"loc":{"start":{"line":1,"column":17},"end":{"line":1,"column":34}}}},"statementMap":{"1":{"start":{"line":1,"column":0},"end":{"line":13,"column":2}},"2":{"start":{"line":4,"column":4},"end":{"line":11,"column":7}}},"branchMap":{},"code":["module.exports = function (grunt) {","    'use strict';","","    grunt.config.set('requirejs.iz', {","        options: {","            appDir: 'src/',","            dir: 'amd/',","            cjsTranslate: true,","            optimize: 'none'","        }","    });","","};",""],"l":{"1":1,"4":0}}}